2021-12-27 18:06:19,663 -0.015380859375, -0.05
2021-12-27 18:06:19,673 -0.147216796875, -0.05
2021-12-27 18:06:19,684 -1.201904296875, -0.05
2021-12-27 18:06:19,694 -5.508544921875, -0.05
2021-12-27 18:06:19,704 -10.694091796875, -0.05
2021-12-27 18:06:19,714 -15.572021484375, -0.05
2021-12-27 18:06:19,724 -19.790771484375, -0.05
2021-12-27 18:06:19,734 -22.866943359375, -0.05
2021-12-27 18:06:19,744 -24.361083984375, -0.05
2021-12-27 18:06:19,754 -26.822021484375, -0.05
2021-12-27 18:06:19,765 -28.052490234375, -0.05
2021-12-27 18:06:19,775 -28.404052734375, -0.05
2021-12-27 18:06:19,785 -27.788818359375, -0.05
2021-12-27 18:06:19,795 -26.338623046875, -0.05
2021-12-27 18:06:19,805 -24.405029296875, -0.05
2021-12-27 18:06:19,815 -21.944091796875, -0.05
2021-12-27 18:06:19,825 -19.175537109375, -0.05
2021-12-27 18:06:19,835 -16.275146484375, -0.05
2021-12-27 18:06:19,845 -12.759521484375, -0.05
2021-12-27 18:06:19,855 -9.199951171875, -0.05
2021-12-27 18:06:19,865 -5.420654296875, -0.05
2021-12-27 18:06:19,876 -1.641357421875, -0.05
2021-12-27 18:06:19,886 2.006103515625, -0.05
2021-12-27 18:06:19,897 5.389892578125, -0.05
2021-12-27 18:06:19,906 8.070556640625, -0.05
2021-12-27 18:06:19,916 11.190673828125, -0.05
2021-12-27 18:06:19,926 14.398681640625, -0.05
2021-12-27 18:06:19,937 17.211181640625, -0.05
2021-12-27 18:06:19,947 19.584228515625, -0.05
2021-12-27 18:06:19,957 21.561767578125, -0.05
2021-12-27 18:06:19,967 22.396728515625, -0.05
2021-12-27 18:06:19,977 26.351806640625, -0.05
2021-12-27 18:06:19,987 27.142822265625, -0.05
2021-12-27 18:06:19,997 27.670166015625, -0.05
2021-12-27 18:06:20,008 27.670166015625, -0.05
2021-12-27 18:06:20,018 27.406494140625, -0.05
2021-12-27 18:06:20,028 26.923095703125, -0.05
2021-12-27 18:06:20,038 26.439697265625, -0.05
2021-12-27 18:06:20,048 25.560791015625, -0.05
2021-12-27 18:06:20,058 24.374267578125, -0.05
2021-12-27 18:06:20,068 22.704345703125, -0.05
2021-12-27 18:06:20,079 20.814697265625, -0.05
2021-12-27 18:06:20,089 18.705322265625, -0.05
2021-12-27 18:06:20,099 16.508056640625, -0.05
2021-12-27 18:06:20,109 13.915283203125, -0.05
2021-12-27 18:06:20,119 11.102783203125, -0.05
2021-12-27 18:06:20,129 8.290283203125, -0.05
2021-12-27 18:06:20,140 5.214111328125, -0.05
2021-12-27 18:06:20,150 2.225830078125, -0.05
2021-12-27 18:06:20,160 -0.498779296875, -0.05
2021-12-27 18:06:20,170 -3.487060546875, -0.05
2021-12-27 18:06:20,180 -5.904052734375, -0.05
2021-12-27 18:06:20,190 -8.408935546875, -0.05
2021-12-27 18:06:20,200 -10.650146484375, -0.05
2021-12-27 18:06:20,210 -12.759521484375, -0.05
2021-12-27 18:06:20,220 -14.737060546875, -0.05
2021-12-27 18:06:20,231 -16.758544921875, -0.05
2021-12-27 18:06:20,241 -18.428466796875, -0.05
2021-12-27 18:06:20,251 -19.966552734375, -0.05
2021-12-27 18:06:20,261 -21.065185546875, -0.05
2021-12-27 18:06:20,271 -21.812255859375, -0.05
2021-12-27 18:06:20,281 -22.119873046875, -0.05
2021-12-27 18:06:20,292 -22.251708984375, -0.05
2021-12-27 18:06:20,302 -22.339599609375, -0.05
2021-12-27 18:06:20,312 -22.075927734375, -0.05
2021-12-27 18:06:20,322 -21.460693359375, -0.05
2021-12-27 18:06:20,334 -20.581787109375, -0.05
2021-12-27 18:06:20,344 -19.307373046875, -0.05
2021-12-27 18:06:20,354 -17.901123046875, -0.05
2021-12-27 18:06:20,364 -16.363037109375, -0.05
2021-12-27 18:06:20,374 -14.649169921875, -0.05
2021-12-27 18:06:20,384 -13.023193359375, -0.05
2021-12-27 18:06:20,394 -10.430419921875, -0.05
2021-12-27 18:06:20,404 -8.277099609375, -0.05
2021-12-27 18:06:20,414 -6.035888671875, -0.05
2021-12-27 18:06:20,424 -3.443115234375, -0.05
2021-12-27 18:06:20,435 -1.026123046875, -0.05
2021-12-27 18:06:20,445 1.259033203125, -0.05
2021-12-27 18:06:20,455 3.719970703125, -0.05
2021-12-27 18:06:20,466 6.005126953125, -0.05
2021-12-27 18:06:20,476 8.070556640625, -0.05
2021-12-27 18:06:20,486 10.092041015625, -0.05
2021-12-27 18:06:20,496 11.805908203125, -0.05
2021-12-27 18:06:20,506 13.343994140625, -0.05
2021-12-27 18:06:20,516 14.662353515625, -0.05
2021-12-27 18:06:20,526 15.848876953125, -0.05
2021-12-27 18:06:20,536 16.683837890625, -0.05
2021-12-27 18:06:20,546 17.474853515625, -0.05
2021-12-27 18:06:20,557 18.046142578125, -0.05
2021-12-27 18:06:20,567 18.397705078125, -0.05
2021-12-27 18:06:20,577 18.573486328125, -0.05
2021-12-27 18:06:20,589 18.529541015625, -0.05
2021-12-27 18:06:20,598 18.221923828125, -0.05
2021-12-27 18:06:20,608 17.694580078125, -0.05
2021-12-27 18:06:20,618 16.815673828125, -0.05
2021-12-27 18:06:20,628 15.848876953125, -0.05
2021-12-27 18:06:20,638 14.486572265625, -0.05
2021-12-27 18:06:20,649 12.816650390625, -0.05
2021-12-27 18:06:20,658 11.146728515625, -0.05
2021-12-27 18:06:20,668 9.213134765625, -0.05
2021-12-27 18:06:20,679 7.279541015625, -0.05
2021-12-27 18:06:20,689 5.214111328125, -0.05
2021-12-27 18:06:20,700 3.324462890625, -0.05
2021-12-27 18:06:20,710 1.346923828125, -0.05
2021-12-27 18:06:20,720 -0.366943359375, -0.05
2021-12-27 18:06:20,730 -2.080810546875, -0.05
2021-12-27 18:06:20,740 -3.662841796875, -0.05
2021-12-27 18:06:20,750 -5.244873046875, -0.05
2021-12-27 18:06:20,761 -6.739013671875, -0.05
2021-12-27 18:06:20,771 -8.189208984375, -0.05
2021-12-27 18:06:20,781 -9.727294921875, -0.05
2021-12-27 18:06:20,791 -10.957763671875, -0.05
2021-12-27 18:06:20,801 -12.188232421875, -0.05
2021-12-27 18:06:20,811 -13.198974609375, -0.05
2021-12-27 18:06:20,821 -14.209716796875, -0.05
2021-12-27 18:06:20,831 -14.912841796875, -0.05
2021-12-27 18:06:20,841 -15.352294921875, -0.05
2021-12-27 18:06:20,852 -15.528076171875, -0.05
2021-12-27 18:06:20,862 -15.352294921875, -0.05
2021-12-27 18:06:20,872 -15.088623046875, -0.05
2021-12-27 18:06:20,882 -14.517333984375, -0.05
2021-12-27 18:06:20,892 -13.989990234375, -0.05
2021-12-27 18:06:20,902 -13.330810546875, -0.05
2021-12-27 18:06:20,912 -12.715576171875, -0.05
2021-12-27 18:06:20,922 -11.792724609375, -0.05
2021-12-27 18:06:20,932 -10.694091796875, -0.05
2021-12-27 18:06:20,942 -9.156005859375, -0.05
2021-12-27 18:06:20,953 -7.705810546875, -0.05
2021-12-27 18:06:20,963 -6.079833984375, -0.05
2021-12-27 18:06:20,973 -4.409912109375, -0.05
2021-12-27 18:06:20,983 -2.871826171875, -0.05
2021-12-27 18:06:20,993 -1.245849609375, -0.05
2021-12-27 18:06:21,003 0.511962890625, -0.05
2021-12-27 18:06:21,013 1.962158203125, -0.05
2021-12-27 18:06:21,024 3.500244140625, -0.05
2021-12-27 18:06:21,035 4.950439453125, -0.05
2021-12-27 18:06:21,045 6.180908203125, -0.05
2021-12-27 18:06:21,056 7.587158203125, -0.05
2021-12-27 18:06:21,067 8.729736328125, -0.05
2021-12-27 18:06:21,078 9.784423828125, -0.05
2021-12-27 18:06:21,088 10.663330078125, -0.05
2021-12-27 18:06:21,098 11.366455078125, -0.05
2021-12-27 18:06:21,108 11.937744140625, -0.05
2021-12-27 18:06:21,119 12.377197265625, -0.05
2021-12-27 18:06:21,129 12.552978515625, -0.05
2021-12-27 18:06:21,139 12.640869140625, -0.05
2021-12-27 18:06:21,149 12.465087890625, -0.05
2021-12-27 18:06:21,160 12.201416015625, -0.05
2021-12-27 18:06:21,169 11.849853515625, -0.05
2021-12-27 18:06:21,179 11.366455078125, -0.05
2021-12-27 18:06:21,190 10.663330078125, -0.05
2021-12-27 18:06:21,200 9.784423828125, -0.05
2021-12-27 18:06:21,210 8.817626953125, -0.05
2021-12-27 18:06:21,220 7.762939453125, -0.05
2021-12-27 18:06:21,230 6.532470703125, -0.05
2021-12-27 18:06:21,240 5.345947265625, -0.05
2021-12-27 18:06:21,250 4.071533203125, -0.05
2021-12-27 18:06:21,260 2.753173828125, -0.05
2021-12-27 18:06:21,270 1.302978515625, -0.05
2021-12-27 18:06:21,280 0.116455078125, -0.05
2021-12-27 18:06:21,291 -1.157958984375, -0.05
2021-12-27 18:06:21,301 -2.388427734375, -0.05
2021-12-27 18:06:21,312 -3.531005859375, -0.05
2021-12-27 18:06:21,322 -4.629638671875, -0.05
2021-12-27 18:06:21,334 -5.596435546875, -0.05
2021-12-27 18:06:21,343 -6.870849609375, -0.05
2021-12-27 18:06:21,354 -7.881591796875, -0.05
2021-12-27 18:06:21,364 -8.760498046875, -0.05
2021-12-27 18:06:21,374 -9.463623046875, -0.05
2021-12-27 18:06:21,384 -10.254638671875, -0.05
2021-12-27 18:06:21,394 -10.650146484375, -0.05
2021-12-27 18:06:21,405 -10.869873046875, -0.05
2021-12-27 18:06:21,415 -10.869873046875, -0.05
2021-12-27 18:06:21,425 -10.738037109375, -0.05
2021-12-27 18:06:21,435 -10.474365234375, -0.05
2021-12-27 18:06:21,445 -10.210693359375, -0.05
2021-12-27 18:06:21,455 -9.771240234375, -0.05
2021-12-27 18:06:21,465 -9.287841796875, -0.05
2021-12-27 18:06:21,475 -8.716552734375, -0.05
2021-12-27 18:06:21,485 -7.837646484375, -0.05
2021-12-27 18:06:21,496 -7.002685546875, -0.05
2021-12-27 18:06:21,506 -6.035888671875, -0.05
2021-12-27 18:06:21,516 -4.981201171875, -0.05
2021-12-27 18:06:21,526 -3.838623046875, -0.05
2021-12-27 18:06:21,537 -2.871826171875, -0.05
2021-12-27 18:06:21,548 -1.685302734375, -0.05
2021-12-27 18:06:21,557 -0.542724609375, -0.05
2021-12-27 18:06:21,567 0.468017578125, -0.05
2021-12-27 18:06:21,577 1.522705078125, -0.05
2021-12-27 18:06:21,587 2.445556640625, -0.05
2021-12-27 18:06:21,597 3.324462890625, -0.05
2021-12-27 18:06:21,608 4.247314453125, -0.05
2021-12-27 18:06:21,618 5.126220703125, -0.05
2021-12-27 18:06:21,628 5.961181640625, -0.05
2021-12-27 18:06:21,638 6.796142578125, -0.05
2021-12-27 18:06:21,648 7.323486328125, -0.05
2021-12-27 18:06:21,658 7.894775390625, -0.05
2021-12-27 18:06:21,668 8.378173828125, -0.05
2021-12-27 18:06:21,678 8.466064453125, -0.05
2021-12-27 18:06:21,689 8.597900390625, -0.05
2021-12-27 18:06:21,699 8.553955078125, -0.05
2021-12-27 18:06:21,709 8.378173828125, -0.05
2021-12-27 18:06:21,719 8.158447265625, -0.05
2021-12-27 18:06:21,729 7.675048828125, -0.05
2021-12-27 18:06:21,739 7.279541015625, -0.05
2021-12-27 18:06:21,750 6.752197265625, -0.05
2021-12-27 18:06:21,760 6.093017578125, -0.05
2021-12-27 18:06:21,770 5.477783203125, -0.05
2021-12-27 18:06:21,781 4.642822265625, -0.05
2021-12-27 18:06:21,791 3.807861328125, -0.05
2021-12-27 18:06:21,801 3.236572265625, -0.05
2021-12-27 18:06:21,812 2.050048828125, -0.05
2021-12-27 18:06:21,821 1.171142578125, -0.05
2021-12-27 18:06:21,831 0.204345703125, -0.05
2021-12-27 18:06:21,841 -0.718505859375, -0.05
2021-12-27 18:06:21,851 -1.685302734375, -0.05
2021-12-27 18:06:21,862 -2.564208984375, -0.05
2021-12-27 18:06:21,872 -3.355224609375, -0.05
2021-12-27 18:06:21,884 -4.102294921875, -0.05
2021-12-27 18:06:21,893 -4.805419921875, -0.05
2021-12-27 18:06:21,903 -5.420654296875, -0.05
2021-12-27 18:06:21,914 -5.947998046875, -0.05
2021-12-27 18:06:21,924 -6.475341796875, -0.05
2021-12-27 18:06:21,934 -6.870849609375, -0.05
2021-12-27 18:06:21,945 -7.134521484375, -0.05
2021-12-27 18:06:21,954 -7.266357421875, -0.05
2021-12-27 18:06:21,966 -7.354248046875, -0.05
2021-12-27 18:06:21,976 -7.442138671875, -0.05
2021-12-27 18:06:21,986 -7.354248046875, -0.05
2021-12-27 18:06:21,997 -7.134521484375, -0.05
2021-12-27 18:06:22,007 -6.826904296875, -0.05
2021-12-27 18:06:22,017 -6.519287109375, -0.05
2021-12-27 18:06:22,028 -6.123779296875, -0.05
2021-12-27 18:06:22,038 -5.596435546875, -0.05
2021-12-27 18:06:22,048 -5.069091796875, -0.05
2021-12-27 18:06:22,059 -4.409912109375, -0.05
2021-12-27 18:06:22,069 -3.706787109375, -0.05
2021-12-27 18:06:22,079 -2.959716796875, -0.05
2021-12-27 18:06:22,089 -2.256591796875, -0.05
2021-12-27 18:06:22,099 -1.553466796875, -0.05
2021-12-27 18:06:22,109 -0.718505859375, -0.05
2021-12-27 18:06:22,119 0.028564453125, -0.05
2021-12-27 18:06:22,129 0.555908203125, -0.05
2021-12-27 18:06:22,139 1.259033203125, -0.05
2021-12-27 18:06:22,149 1.830322265625, -0.05
2021-12-27 18:06:22,160 2.621337890625, -0.05
2021-12-27 18:06:22,170 2.928955078125, -0.05
2021-12-27 18:06:22,180 3.544189453125, -0.05
2021-12-27 18:06:22,190 4.071533203125, -0.05
2021-12-27 18:06:22,200 4.467041015625, -0.05
2021-12-27 18:06:22,210 4.906494140625, -0.05
2021-12-27 18:06:22,221 5.082275390625, -0.05
2021-12-27 18:06:22,231 5.345947265625, -0.05
2021-12-27 18:06:22,241 5.389892578125, -0.05
2021-12-27 18:06:22,251 5.345947265625, -0.05
2021-12-27 18:06:22,261 5.258056640625, -0.05
2021-12-27 18:06:22,271 5.038330078125, -0.05
2021-12-27 18:06:22,282 4.774658203125, -0.05
2021-12-27 18:06:22,292 4.774658203125, 0.05
2021-12-27 18:06:22,302 4.554931640625, 0.05
2021-12-27 18:06:22,312 6.268798828125, 0.05
2021-12-27 18:06:22,322 10.135986328125, 0.05
2021-12-27 18:06:22,332 15.629150390625, 0.05
2021-12-27 18:06:22,342 20.023681640625, 0.05
2021-12-27 18:06:22,352 23.319580078125, 0.05
2021-12-27 18:06:22,362 25.428955078125, 0.05
2021-12-27 18:06:22,373 26.483642578125, 0.05
2021-12-27 18:06:22,383 26.791259765625, 0.05
2021-12-27 18:06:22,393 26.571533203125, 0.05
2021-12-27 18:06:22,403 26.044189453125, 0.05
2021-12-27 18:06:22,413 24.374267578125, 0.05
2021-12-27 18:06:22,423 22.220947265625, 0.05
2021-12-27 18:06:22,433 19.276611328125, 0.05
2021-12-27 18:06:22,444 16.639892578125, 0.05
2021-12-27 18:06:22,454 13.300048828125, 0.05
2021-12-27 18:06:22,464 9.564697265625, 0.05
2021-12-27 18:06:22,474 6.796142578125, 0.05
2021-12-27 18:06:22,484 2.225830078125, 0.05
2021-12-27 18:06:22,494 -1.289794921875, 0.05
2021-12-27 18:06:22,507 -4.629638671875, 0.05
2021-12-27 18:06:22,515 -7.573974609375, 0.05
2021-12-27 18:06:22,525 -10.254638671875, 0.05
2021-12-27 18:06:22,535 -12.627685546875, 0.05
2021-12-27 18:06:22,545 -14.693115234375, 0.05
2021-12-27 18:06:22,555 -16.582763671875, 0.05
2021-12-27 18:06:22,565 -18.208740234375, 0.05
2021-12-27 18:06:22,575 -19.834716796875, 0.05
2021-12-27 18:06:22,585 -21.240966796875, 0.05
2021-12-27 18:06:22,596 -22.339599609375, 0.05
2021-12-27 18:06:22,606 -23.833740234375, 0.05
2021-12-27 18:06:22,616 -24.097412109375, 0.05
2021-12-27 18:06:22,627 -24.185302734375, 0.05
2021-12-27 18:06:22,637 -24.053466796875, 0.05
2021-12-27 18:06:22,647 -23.614013671875, 0.05
2021-12-27 18:06:22,657 -22.998779296875, 0.05
2021-12-27 18:06:22,667 -22.251708984375, 0.05
2021-12-27 18:06:22,677 -21.109130859375, 0.05
2021-12-27 18:06:22,688 -19.790771484375, 0.05
2021-12-27 18:06:22,698 -18.252685546875, 0.05
2021-12-27 18:06:22,708 -16.450927734375, 0.05
2021-12-27 18:06:22,718 -14.385498046875, 0.05
2021-12-27 18:06:22,728 -12.188232421875, 0.05
2021-12-27 18:06:22,738 -9.815185546875, 0.05
2021-12-27 18:06:22,748 -7.266357421875, 0.05
2021-12-27 18:06:22,759 -5.816162109375, 0.05
2021-12-27 18:06:22,769 -2.080810546875, 0.05
2021-12-27 18:06:22,779 0.555908203125, 0.05
2021-12-27 18:06:22,789 3.192626953125, 0.05
2021-12-27 18:06:22,799 5.697509765625, 0.05
2021-12-27 18:06:22,809 8.114501953125, 0.05
2021-12-27 18:06:22,820 10.487548828125, 0.05
2021-12-27 18:06:22,830 12.684814453125, 0.05
2021-12-27 18:06:22,840 14.574462890625, 0.05
2021-12-27 18:06:22,850 16.332275390625, 0.05
2021-12-27 18:06:22,860 17.826416015625, 0.05
2021-12-27 18:06:22,870 18.837158203125, 0.05
2021-12-27 18:06:22,880 19.628173828125, 0.05
2021-12-27 18:06:22,890 20.199462890625, 0.05
2021-12-27 18:06:22,900 20.463134765625, 0.05
2021-12-27 18:06:22,911 20.507080078125, 0.05
2021-12-27 18:06:22,921 20.155517578125, 0.05
2021-12-27 18:06:22,931 19.628173828125, 0.05
2021-12-27 18:06:22,941 18.793212890625, 0.05
2021-12-27 18:06:22,951 17.782470703125, 0.05
2021-12-27 18:06:22,961 16.727783203125, 0.05
2021-12-27 18:06:22,971 15.585205078125, 0.05
2021-12-27 18:06:22,981 14.222900390625, 0.05
2021-12-27 18:06:22,991 12.684814453125, 0.05
2021-12-27 18:06:23,002 10.883056640625, 0.05
2021-12-27 18:06:23,012 9.257080078125, 0.05
2021-12-27 18:06:23,022 7.455322265625, 0.05
2021-12-27 18:06:23,032 5.565673828125, 0.05
2021-12-27 18:06:23,042 3.676025390625, 0.05
2021-12-27 18:06:23,052 1.742431640625, 0.05
2021-12-27 18:06:23,062 -0.235107421875, 0.05
2021-12-27 18:06:23,072 -2.036865234375, 0.05
2021-12-27 18:06:23,083 -3.882568359375, 0.05
2021-12-27 18:06:23,093 -5.684326171875, 0.05
2021-12-27 18:06:23,103 -7.442138671875, 0.05
2021-12-27 18:06:23,113 -9.156005859375, 0.05
2021-12-27 18:06:23,123 -10.738037109375, 0.05
2021-12-27 18:06:23,133 -12.232177734375, 0.05
2021-12-27 18:06:23,143 -13.330810546875, 0.05
2021-12-27 18:06:23,153 -14.385498046875, 0.05
2021-12-27 18:06:23,163 -15.264404296875, 0.05
2021-12-27 18:06:23,174 -15.835693359375, 0.05
2021-12-27 18:06:23,184 -16.143310546875, 0.05
2021-12-27 18:06:23,194 -16.275146484375, 0.05
2021-12-27 18:06:23,204 -16.143310546875, 0.05
2021-12-27 18:06:23,214 -15.835693359375, 0.05
2021-12-27 18:06:23,224 -15.352294921875, 0.05
2021-12-27 18:06:23,234 -14.737060546875, 0.05
2021-12-27 18:06:23,245 -13.858154296875, 0.05
2021-12-27 18:06:23,254 -12.935302734375, 0.05
2021-12-27 18:06:23,264 -11.792724609375, 0.05
2021-12-27 18:06:23,275 -10.474365234375, 0.05
2021-12-27 18:06:23,285 -9.112060546875, 0.05
2021-12-27 18:06:23,295 -7.617919921875, 0.05
2021-12-27 18:06:23,305 -5.860107421875, 0.05
2021-12-27 18:06:23,315 -4.190185546875, 0.05
2021-12-27 18:06:23,325 -2.344482421875, 0.05
2021-12-27 18:06:23,335 -0.630615234375, 0.05
2021-12-27 18:06:23,345 1.346923828125, 0.05
2021-12-27 18:06:23,356 2.972900390625, 0.05
2021-12-27 18:06:23,366 4.686767578125, 0.05
2021-12-27 18:06:23,376 6.312744140625, 0.05
2021-12-27 18:06:23,386 7.806884765625, 0.05
2021-12-27 18:06:23,396 9.125244140625, 0.05
2021-12-27 18:06:23,406 10.487548828125, 0.05
2021-12-27 18:06:23,416 11.498291015625, 0.05
2021-12-27 18:06:23,426 12.333251953125, 0.05
2021-12-27 18:06:23,437 13.168212890625, 0.05
2021-12-27 18:06:23,447 13.783447265625, 0.05
2021-12-27 18:06:23,457 14.091064453125, 0.05
2021-12-27 18:06:23,467 14.222900390625, 0.05
2021-12-27 18:06:23,477 14.178955078125, 0.05
2021-12-27 18:06:23,487 13.959228515625, 0.05
2021-12-27 18:06:23,497 13.563720703125, 0.05
2021-12-27 18:06:23,507 12.992431640625, 0.05
2021-12-27 18:06:23,517 12.289306640625, 0.05
2021-12-27 18:06:23,527 11.454345703125, 0.05
2021-12-27 18:06:23,538 10.355712890625, 0.05
2021-12-27 18:06:23,548 9.257080078125, 0.05
2021-12-27 18:06:23,558 8.026611328125, 0.05
2021-12-27 18:06:23,568 6.708251953125, 0.05
2021-12-27 18:06:23,578 5.302001953125, 0.05
2021-12-27 18:06:23,588 3.851806640625, 0.05
2021-12-27 18:06:23,598 2.269775390625, 0.05
2021-12-27 18:06:23,609 0.731689453125, 0.05
2021-12-27 18:06:23,619 -0.410888671875, 0.05
2021-12-27 18:06:23,629 -2.256591796875, 0.05
2021-12-27 18:06:23,639 -3.531005859375, 0.05
2021-12-27 18:06:23,650 -5.025146484375, 0.05
2021-12-27 18:06:23,660 -6.167724609375, 0.05
2021-12-27 18:06:23,670 -7.266357421875, 0.05
2021-12-27 18:06:23,683 -8.233154296875, 0.05
2021-12-27 18:06:23,691 -9.112060546875, 0.05
2021-12-27 18:06:23,701 -9.859130859375, 0.05
2021-12-27 18:06:23,711 -10.474365234375, 0.05
2021-12-27 18:06:23,721 -10.957763671875, 0.05
2021-12-27 18:06:23,732 -11.397216796875, 0.05
2021-12-27 18:06:23,742 -11.485107421875, 0.05
2021-12-27 18:06:23,752 -11.485107421875, 0.05
2021-12-27 18:06:23,762 -11.265380859375, 0.05
2021-12-27 18:06:23,772 -10.957763671875, 0.05
2021-12-27 18:06:23,782 -10.606201171875, 0.05
2021-12-27 18:06:23,792 -10.122802734375, 0.05
2021-12-27 18:06:23,802 -9.419677734375, 0.05
2021-12-27 18:06:23,813 -8.672607421875, 0.05
2021-12-27 18:06:23,823 -7.705810546875, 0.05
2021-12-27 18:06:23,833 -6.826904296875, 0.05
2021-12-27 18:06:23,843 -5.684326171875, 0.05
2021-12-27 18:06:23,853 -4.497802734375, 0.05
2021-12-27 18:06:23,863 -3.311279296875, 0.05
2021-12-27 18:06:23,873 -2.124755859375, 0.05
2021-12-27 18:06:23,883 -1.070068359375, 0.05
2021-12-27 18:06:23,894 0.292236328125, 0.05
2021-12-27 18:06:23,904 1.610595703125, 0.05
2021-12-27 18:06:23,914 2.797119140625, 0.05
2021-12-27 18:06:23,925 3.851806640625, 0.05
2021-12-27 18:06:23,934 5.038330078125, 0.05
2021-12-27 18:06:23,944 5.873291015625, 0.05
2021-12-27 18:06:23,954 6.884033203125, 0.05
2021-12-27 18:06:23,964 7.587158203125, 0.05
2021-12-27 18:06:23,974 8.246337890625, 0.05
2021-12-27 18:06:23,985 8.861572265625, 0.05
2021-12-27 18:06:23,995 9.213134765625, 0.05
2021-12-27 18:06:24,005 9.388916015625, 0.05
2021-12-27 18:06:24,015 9.652587890625, 0.05
2021-12-27 18:06:24,025 9.564697265625, 0.05
2021-12-27 18:06:24,035 9.476806640625, 0.05
2021-12-27 18:06:24,045 9.169189453125, 0.05
2021-12-27 18:06:24,055 8.729736328125, 0.05
2021-12-27 18:06:24,065 8.246337890625, 0.05
2021-12-27 18:06:24,075 7.587158203125, 0.05
2021-12-27 18:06:24,086 6.884033203125, 0.05
2021-12-27 18:06:24,096 6.093017578125, 0.05
2021-12-27 18:06:24,106 5.258056640625, 0.05
2021-12-27 18:06:24,116 4.291259765625, 0.05
2021-12-27 18:06:24,126 3.412353515625, 0.05
2021-12-27 18:06:24,136 2.489501953125, 0.05
2021-12-27 18:06:24,146 1.390869140625, 0.05
2021-12-27 18:06:24,156 0.336181640625, 0.05
2021-12-27 18:06:24,167 -0.630615234375, 0.05
2021-12-27 18:06:24,177 -1.553466796875, 0.05
2021-12-27 18:06:24,187 -2.476318359375, 0.05
2021-12-27 18:06:24,197 -3.267333984375, 0.05
2021-12-27 18:06:24,208 -4.102294921875, 0.05
2021-12-27 18:06:24,218 -4.849365234375, 0.05
2021-12-27 18:06:24,228 -5.596435546875, 0.05
2021-12-27 18:06:24,238 -6.167724609375, 0.05
2021-12-27 18:06:24,248 -6.651123046875, 0.05
2021-12-27 18:06:24,258 -7.002685546875, 0.05
2021-12-27 18:06:24,268 -7.178466796875, 0.05
2021-12-27 18:06:24,278 -7.354248046875, 0.05
2021-12-27 18:06:24,289 -7.442138671875, 0.05
2021-12-27 18:06:24,299 -7.530029296875, 0.05
2021-12-27 18:06:24,309 -7.354248046875, 0.05
2021-12-27 18:06:24,319 -7.134521484375, 0.05
2021-12-27 18:06:24,329 -6.826904296875, 0.05
2021-12-27 18:06:24,339 -6.431396484375, 0.05
2021-12-27 18:06:24,349 -5.860107421875, 0.05
2021-12-27 18:06:24,360 -5.332763671875, 0.05
2021-12-27 18:06:24,370 -4.673583984375, 0.05
2021-12-27 18:06:24,382 -4.014404296875, 0.05
2021-12-27 18:06:24,390 -3.355224609375, 0.05
2021-12-27 18:06:24,400 -2.564208984375, 0.05
2021-12-27 18:06:24,411 -1.861083984375, 0.05
2021-12-27 18:06:24,421 -1.070068359375, 0.05
2021-12-27 18:06:24,431 -0.322998046875, 0.05
2021-12-27 18:06:24,441 0.424072265625, 0.05
2021-12-27 18:06:24,451 1.259033203125, 0.05
2021-12-27 18:06:24,461 2.006103515625, 0.05
2021-12-27 18:06:24,471 2.621337890625, 0.05
2021-12-27 18:06:24,482 3.324462890625, 0.05
2021-12-27 18:06:24,492 3.895751953125, 0.05
2021-12-27 18:06:24,502 4.423095703125, 0.05
2021-12-27 18:06:24,512 4.862548828125, 0.05
2021-12-27 18:06:24,522 5.258056640625, 0.05
2021-12-27 18:06:24,532 5.521728515625, 0.05
2021-12-27 18:06:24,544 5.785400390625, 0.05
2021-12-27 18:06:24,558 5.873291015625, 0.05
2021-12-27 18:06:24,568 5.917236328125, 0.05
2021-12-27 18:06:24,578 5.917236328125, 0.05
2021-12-27 18:06:24,588 5.741455078125, 0.05
2021-12-27 18:06:24,598 5.565673828125, 0.05
2021-12-27 18:06:24,608 5.302001953125, 0.05
2021-12-27 18:06:24,619 4.994384765625, 0.05
2021-12-27 18:06:24,629 4.598876953125, 0.05
2021-12-27 18:06:24,639 4.203369140625, 0.05
2021-12-27 18:06:24,649 3.632080078125, 0.05
2021-12-27 18:06:24,659 3.060791015625, 0.05
2021-12-27 18:06:24,669 2.489501953125, 0.05
2021-12-27 18:06:24,679 1.918212890625, 0.05
2021-12-27 18:06:24,690 1.259033203125, 0.05
2021-12-27 18:06:24,700 0.687744140625, 0.05
2021-12-27 18:06:24,710 0.072509765625, 0.05
2021-12-27 18:06:24,720 -0.542724609375, 0.05
2021-12-27 18:06:24,730 -1.114013671875, 0.05
2021-12-27 18:06:24,740 -1.729248046875, 0.05
2021-12-27 18:06:24,752 -2.344482421875, 0.05
2021-12-27 18:06:24,761 -2.783935546875, 0.05
2021-12-27 18:06:24,771 -3.267333984375, 0.05
2021-12-27 18:06:24,781 -3.662841796875, 0.05
2021-12-27 18:06:24,791 -3.926513671875, 0.05
2021-12-27 18:06:24,801 -4.146240234375, 0.05
2021-12-27 18:06:24,811 -4.453857421875, 0.05
2021-12-27 18:06:24,821 -4.541748046875, 0.05
2021-12-27 18:06:24,833 -4.673583984375, 0.05
2021-12-27 18:06:24,843 -4.761474609375, 0.05
2021-12-27 18:06:24,853 -4.717529296875, 0.05
2021-12-27 18:06:24,863 -4.497802734375, 0.05
2021-12-27 18:06:24,873 -4.278076171875, 0.05
2021-12-27 18:06:24,884 -4.058349609375, 0.05
2021-12-27 18:06:24,893 -3.662841796875, 0.05
2021-12-27 18:06:24,903 -3.487060546875, 0.05
2021-12-27 18:06:24,914 -3.003662109375, 0.05
2021-12-27 18:06:24,925 -2.739990234375, 0.05
2021-12-27 18:06:24,935 -2.300537109375, 0.05
2021-12-27 18:06:24,945 -1.817138671875, 0.05
2021-12-27 18:06:24,956 -1.377685546875, 0.05
2021-12-27 18:06:24,965 -0.894287109375, 0.05
2021-12-27 18:06:24,975 -0.366943359375, 0.05
2021-12-27 18:06:24,985 0.072509765625, 0.05
2021-12-27 18:06:24,995 0.599853515625, 0.05
2021-12-27 18:06:25,005 1.039306640625, 0.05
2021-12-27 18:06:25,016 1.478759765625, 0.05
2021-12-27 18:06:25,026 1.874267578125, 0.05
2021-12-27 18:06:25,036 2.225830078125, 0.05
2021-12-27 18:06:25,046 2.621337890625, 0.05
2021-12-27 18:06:25,056 2.841064453125, 0.05
2021-12-27 18:06:25,066 3.016845703125, 0.05
2021-12-27 18:06:25,076 3.192626953125, 0.05
2021-12-27 18:06:25,086 3.368408203125, 0.05
2021-12-27 18:06:25,096 3.412353515625, 0.05
2021-12-27 18:06:25,107 3.456298828125, 0.05
2021-12-27 18:06:25,117 3.412353515625, 0.05
2021-12-27 18:06:25,127 3.368408203125, 0.05
2021-12-27 18:06:25,139 3.236572265625, 0.05
2021-12-27 18:06:25,149 3.060791015625, 0.05
2021-12-27 18:06:25,159 2.797119140625, 0.05
2021-12-27 18:06:25,170 2.621337890625, 0.05
2021-12-27 18:06:25,181 2.357666015625, 0.05
2021-12-27 18:06:25,190 2.006103515625, 0.05
2021-12-27 18:06:25,200 1.698486328125, 0.05
2021-12-27 18:06:25,210 1.390869140625, 0.05
2021-12-27 18:06:25,220 1.127197265625, 0.05
2021-12-27 18:06:25,231 0.731689453125, 0.05
2021-12-27 18:06:25,241 0.380126953125, 0.05
2021-12-27 18:06:25,251 0.028564453125, 0.05
2021-12-27 18:06:25,261 -0.366943359375, 0.05
2021-12-27 18:06:25,271 -0.674560546875, 0.05
2021-12-27 18:06:25,282 -0.938232421875, 0.05
2021-12-27 18:06:25,292 -1.333740234375, 0.05
2021-12-27 18:06:25,304 -1.597412109375, 0.05
2021-12-27 18:06:25,313 -1.773193359375, 0.05
2021-12-27 18:06:25,323 -2.168701171875, 0.05
2021-12-27 18:06:25,333 -2.168701171875, 0.05
2021-12-27 18:06:25,343 -2.432373046875, 0.05
2021-12-27 18:06:25,353 -2.652099609375, 0.05
2021-12-27 18:06:25,364 -2.652099609375, 0.05
2021-12-27 18:06:25,375 -2.739990234375, 0.05
2021-12-27 18:06:25,384 -2.739990234375, 0.05
2021-12-27 18:06:25,395 -2.696044921875, 0.05
2021-12-27 18:06:25,406 -2.739990234375, 0.05
2021-12-27 18:06:25,415 -2.608154296875, 0.05
2021-12-27 18:06:25,425 -2.520263671875, 0.05
2021-12-27 18:06:25,435 -2.432373046875, 0.05
2021-12-27 18:06:25,445 -2.168701171875, 0.05
2021-12-27 18:06:25,455 -2.036865234375, 0.05
2021-12-27 18:06:25,465 -1.861083984375, 0.05
2021-12-27 18:06:25,475 -1.597412109375, 0.05
2021-12-27 18:06:25,486 -1.333740234375, 0.05
2021-12-27 18:06:25,496 -1.114013671875, 0.05
2021-12-27 18:06:25,506 -0.806396484375, 0.05
2021-12-27 18:06:25,516 -0.674560546875, 0.05
2021-12-27 18:06:25,526 -0.322998046875, 0.05
2021-12-27 18:06:25,536 -0.191162109375, 0.05
2021-12-27 18:06:25,546 0.160400390625, 0.05
2021-12-27 18:06:25,556 0.336181640625, 0.05
2021-12-27 18:06:25,566 0.599853515625, 0.05
2021-12-27 18:06:25,577 0.819580078125, 0.05
2021-12-27 18:06:25,587 0.819580078125, -0.05
2021-12-27 18:06:25,597 0.863525390625, -0.05
2021-12-27 18:06:25,607 -2.300537109375, -0.05
2021-12-27 18:06:25,617 -8.101318359375, -0.05
2021-12-27 18:06:25,627 -13.023193359375, -0.05
2021-12-27 18:06:25,637 -17.197998046875, -0.05
2021-12-27 18:06:25,648 -20.581787109375, -0.05
2021-12-27 18:06:25,658 -22.603271484375, -0.05
2021-12-27 18:06:25,668 -24.536865234375, -0.05
2021-12-27 18:06:25,678 -25.811279296875, -0.05
2021-12-27 18:06:25,688 -26.470458984375, -0.05
2021-12-27 18:06:25,698 -26.338623046875, -0.05
2021-12-27 18:06:25,708 -25.371826171875, -0.05
2021-12-27 18:06:25,719 -23.701904296875, -0.05
2021-12-27 18:06:25,729 -21.416748046875, -0.05
2021-12-27 18:06:25,739 -18.823974609375, -0.05
2021-12-27 18:06:25,749 -16.143310546875, -0.05
2021-12-27 18:06:25,759 -14.693115234375, -0.05
2021-12-27 18:06:25,769 -9.199951171875, -0.05
2021-12-27 18:06:25,779 -5.991943359375, -0.05
2021-12-27 18:06:25,789 -2.344482421875, -0.05
2021-12-27 18:06:25,800 1.127197265625, -0.05
2021-12-27 18:06:25,810 4.203369140625, -0.05
2021-12-27 18:06:25,820 7.323486328125, -0.05
2021-12-27 18:06:25,830 10.443603515625, -0.05
2021-12-27 18:06:25,840 13.651611328125, -0.05
2021-12-27 18:06:25,850 16.683837890625, -0.05
2021-12-27 18:06:25,860 19.320556640625, -0.05
2021-12-27 18:06:25,871 21.210205078125, -0.05
2021-12-27 18:06:25,881 23.099853515625, -0.05
2021-12-27 18:06:25,891 24.769775390625, -0.05
2021-12-27 18:06:25,901 27.098876953125, -0.05
2021-12-27 18:06:25,911 27.538330078125, -0.05
2021-12-27 18:06:25,921 27.626220703125, -0.05
2021-12-27 18:06:25,931 27.450439453125, -0.05
2021-12-27 18:06:25,941 27.186767578125, -0.05
2021-12-27 18:06:25,952 26.571533203125, -0.05
2021-12-27 18:06:25,962 25.824462890625, -0.05
2021-12-27 18:06:25,972 24.681884765625, -0.05
2021-12-27 18:06:25,982 22.968017578125, -0.05
2021-12-27 18:06:25,993 21.825439453125, -0.05
2021-12-27 18:06:26,003 19.144775390625, -0.05
2021-12-27 18:06:26,013 16.771728515625, -0.05
2021-12-27 18:06:26,024 14.178955078125, -0.05
2021-12-27 18:06:26,033 11.410400390625, -0.05
2021-12-27 18:06:26,043 8.378173828125, -0.05
2021-12-27 18:06:26,053 5.302001953125, -0.05
2021-12-27 18:06:26,063 2.313720703125, -0.05
2021-12-27 18:06:26,073 -0.630615234375, -0.05
2021-12-27 18:06:26,084 -3.399169921875, -0.05
2021-12-27 18:06:26,094 -6.035888671875, -0.05
2021-12-27 18:06:26,104 -8.540771484375, -0.05
2021-12-27 18:06:26,114 -10.738037109375, -0.05
2021-12-27 18:06:26,124 -12.671630859375, -0.05
2021-12-27 18:06:26,134 -14.693115234375, -0.05
2021-12-27 18:06:26,144 -16.494873046875, -0.05
2021-12-27 18:06:26,155 -18.252685546875, -0.05
2021-12-27 18:06:26,165 -19.878662109375, -0.05
2021-12-27 18:06:26,175 -21.021240234375, -0.05
2021-12-27 18:06:26,185 -21.812255859375, -0.05
2021-12-27 18:06:26,195 -22.383544921875, -0.05
2021-12-27 18:06:26,205 -22.691162109375, -0.05
2021-12-27 18:06:26,215 -22.647216796875, -0.05
2021-12-27 18:06:26,225 -22.471435546875, -0.05
2021-12-27 18:06:26,235 -22.031982421875, -0.05
2021-12-27 18:06:26,245 -21.021240234375, -0.05
2021-12-27 18:06:26,256 -19.702880859375, -0.05
2021-12-27 18:06:26,266 -18.340576171875, -0.05
2021-12-27 18:06:26,276 -16.626708984375, -0.05
2021-12-27 18:06:26,286 -14.912841796875, -0.05
2021-12-27 18:06:26,296 -13.155029296875, -0.05
2021-12-27 18:06:26,306 -11.133544921875, -0.05
2021-12-27 18:06:26,318 -8.804443359375, -0.05
2021-12-27 18:06:26,327 -6.387451171875, -0.05
2021-12-27 18:06:26,338 -3.882568359375, -0.05
2021-12-27 18:06:26,347 -1.114013671875, -0.05
2021-12-27 18:06:26,357 1.215087890625, -0.05
2021-12-27 18:06:26,368 3.192626953125, -0.05
2021-12-27 18:06:26,378 5.961181640625, -0.05
2021-12-27 18:06:26,388 8.114501953125, -0.05
2021-12-27 18:06:26,398 10.092041015625, -0.05
2021-12-27 18:06:26,408 11.981689453125, -0.05
2021-12-27 18:06:26,418 13.915283203125, -0.05
2021-12-27 18:06:26,428 15.145751953125, -0.05
2021-12-27 18:06:26,438 16.288330078125, -0.05
2021-12-27 18:06:26,448 17.255126953125, -0.05
2021-12-27 18:06:26,458 17.914306640625, -0.05
2021-12-27 18:06:26,469 18.441650390625, -0.05
2021-12-27 18:06:26,481 18.749267578125, -0.05
2021-12-27 18:06:26,494 18.925048828125, -0.05
2021-12-27 18:06:26,500 18.837158203125, -0.05
2021-12-27 18:06:26,510 18.573486328125, -0.05
2021-12-27 18:06:26,520 18.046142578125, -0.05
2021-12-27 18:06:26,531 17.343017578125, -0.05
2021-12-27 18:06:26,541 16.420166015625, -0.05
2021-12-27 18:06:26,551 15.233642578125, -0.05
2021-12-27 18:06:26,562 13.827392578125, -0.05
2021-12-27 18:06:26,572 12.113525390625, -0.05
2021-12-27 18:06:26,583 10.267822265625, -0.05
2021-12-27 18:06:26,592 8.334228515625, -0.05
2021-12-27 18:06:26,602 6.224853515625, -0.05
2021-12-27 18:06:26,612 4.159423828125, -0.05
2021-12-27 18:06:26,622 2.006103515625, -0.05
2021-12-27 18:06:26,632 0.160400390625, -0.05
2021-12-27 18:06:26,642 -1.597412109375, -0.05
2021-12-27 18:06:26,653 -3.355224609375, -0.05
2021-12-27 18:06:26,663 -4.937255859375, -0.05
2021-12-27 18:06:26,673 -6.519287109375, -0.05
2021-12-27 18:06:26,683 -8.013427734375, -0.05
2021-12-27 18:06:26,693 -9.419677734375, -0.05
2021-12-27 18:06:26,703 -10.869873046875, -0.05
2021-12-27 18:06:26,713 -12.056396484375, -0.05
2021-12-27 18:06:26,723 -13.286865234375, -0.05
2021-12-27 18:06:26,733 -14.209716796875, -0.05
2021-12-27 18:06:26,743 -15.044677734375, -0.05
2021-12-27 18:06:26,754 -15.615966796875, -0.05
2021-12-27 18:06:26,764 -16.055419921875, -0.05
2021-12-27 18:06:26,774 -16.011474609375, -0.05
2021-12-27 18:06:26,784 -15.747802734375, -0.05
2021-12-27 18:06:26,794 -15.220458984375, -0.05
2021-12-27 18:06:26,804 -14.517333984375, -0.05
2021-12-27 18:06:26,814 -13.946044921875, -0.05
2021-12-27 18:06:26,824 -13.242919921875, -0.05
2021-12-27 18:06:26,835 -12.232177734375, -0.05
2021-12-27 18:06:26,845 -11.221435546875, -0.05
2021-12-27 18:06:26,855 -9.947021484375, -0.05
2021-12-27 18:06:26,865 -8.408935546875, -0.05
2021-12-27 18:06:26,875 -6.914794921875, -0.05
2021-12-27 18:06:26,885 -5.069091796875, -0.05
2021-12-27 18:06:26,896 -3.267333984375, -0.05
2021-12-27 18:06:26,907 -1.509521484375, -0.05
2021-12-27 18:06:26,916 0.160400390625, -0.05
2021-12-27 18:06:26,926 1.786376953125, -0.05
2021-12-27 18:06:26,936 3.324462890625, -0.05
2021-12-27 18:06:26,946 4.774658203125, -0.05
2021-12-27 18:06:26,957 6.093017578125, -0.05
2021-12-27 18:06:26,967 7.367431640625, -0.05
2021-12-27 18:06:26,977 8.553955078125, -0.05
2021-12-27 18:06:26,987 9.476806640625, -0.05
2021-12-27 18:06:26,997 10.267822265625, -0.05
2021-12-27 18:06:27,007 10.970947265625, -0.05
2021-12-27 18:06:27,017 11.586181640625, -0.05
2021-12-27 18:06:27,027 12.113525390625, -0.05
2021-12-27 18:06:27,037 12.421142578125, -0.05
2021-12-27 18:06:27,048 12.640869140625, -0.05
2021-12-27 18:06:27,058 12.596923828125, -0.05
2021-12-27 18:06:27,068 12.509033203125, -0.05
2021-12-27 18:06:27,078 12.245361328125, -0.05
2021-12-27 18:06:27,088 11.761962890625, -0.05
2021-12-27 18:06:27,098 11.146728515625, -0.05
2021-12-27 18:06:27,109 10.355712890625, -0.05
2021-12-27 18:06:27,119 9.388916015625, -0.05
2021-12-27 18:06:27,129 8.290283203125, -0.05
2021-12-27 18:06:27,139 7.015869140625, -0.05
2021-12-27 18:06:27,149 5.741455078125, -0.05
2021-12-27 18:06:27,159 4.423095703125, -0.05
2021-12-27 18:06:27,170 3.104736328125, -0.05
2021-12-27 18:06:27,180 1.874267578125, -0.05
2021-12-27 18:06:27,190 0.599853515625, -0.05
2021-12-27 18:06:27,200 -0.630615234375, -0.05
2021-12-27 18:06:27,210 -1.905029296875, -0.05
2021-12-27 18:06:27,220 -3.091552734375, -0.05
2021-12-27 18:06:27,232 -3.926513671875, -0.05
2021-12-27 18:06:27,243 -4.937255859375, -0.05
2021-12-27 18:06:27,253 -5.596435546875, -0.05
2021-12-27 18:06:27,263 -6.914794921875, -0.05
2021-12-27 18:06:27,274 -7.837646484375, -0.05
2021-12-27 18:06:27,284 -8.716552734375, -0.05
2021-12-27 18:06:27,294 -9.507568359375, -0.05
2021-12-27 18:06:27,304 -10.210693359375, -0.05
2021-12-27 18:06:27,314 -10.606201171875, -0.05
2021-12-27 18:06:27,325 -10.781982421875, -0.05
2021-12-27 18:06:27,335 -10.738037109375, -0.05
2021-12-27 18:06:27,346 -10.606201171875, -0.05
2021-12-27 18:06:27,356 -10.430419921875, -0.05
2021-12-27 18:06:27,366 -10.122802734375, -0.05
2021-12-27 18:06:27,376 -9.551513671875, -0.05
2021-12-27 18:06:27,387 -9.199951171875, -0.05
2021-12-27 18:06:27,397 -8.584716796875, -0.05
2021-12-27 18:06:27,407 -7.969482421875, -0.05
2021-12-27 18:06:27,417 -7.222412109375, -0.05
2021-12-27 18:06:27,427 -6.255615234375, -0.05
2021-12-27 18:06:27,437 -5.200927734375, -0.05
2021-12-27 18:06:27,447 -4.146240234375, -0.05
2021-12-27 18:06:27,458 -2.915771484375, -0.05
2021-12-27 18:06:27,468 -1.729248046875, -0.05
2021-12-27 18:06:27,478 -0.586669921875, -0.05
2021-12-27 18:06:27,488 0.468017578125, -0.05
2021-12-27 18:06:27,498 1.478759765625, -0.05
2021-12-27 18:06:27,508 2.489501953125, -0.05
2021-12-27 18:06:27,518 3.280517578125, -0.05
2021-12-27 18:06:27,529 4.115478515625, -0.05
2021-12-27 18:06:27,539 4.994384765625, -0.05
2021-12-27 18:06:27,549 5.653564453125, -0.05
2021-12-27 18:06:27,559 6.224853515625, -0.05
2021-12-27 18:06:27,569 6.796142578125, -0.05
2021-12-27 18:06:27,579 7.367431640625, -0.05
2021-12-27 18:06:27,589 7.631103515625, -0.05
2021-12-27 18:06:27,600 8.026611328125, -0.05
2021-12-27 18:06:27,610 8.202392578125, -0.05
2021-12-27 18:06:27,620 8.246337890625, -0.05
2021-12-27 18:06:27,630 8.070556640625, -0.05
2021-12-27 18:06:27,640 7.850830078125, -0.05
2021-12-27 18:06:27,650 7.411376953125, -0.05
2021-12-27 18:06:27,660 6.971923828125, -0.05
2021-12-27 18:06:27,671 6.356689453125, -0.05
2021-12-27 18:06:27,681 5.565673828125, -0.05
2021-12-27 18:06:27,691 4.994384765625, -0.05
2021-12-27 18:06:27,701 4.247314453125, -0.05
2021-12-27 18:06:27,711 3.368408203125, -0.05
2021-12-27 18:06:27,721 2.621337890625, -0.05
2021-12-27 18:06:27,731 1.874267578125, -0.05
2021-12-27 18:06:27,741 1.039306640625, -0.05
2021-12-27 18:06:27,751 0.204345703125, -0.05
2021-12-27 18:06:27,762 -0.542724609375, -0.05
2021-12-27 18:06:27,772 -1.245849609375, -0.05
2021-12-27 18:06:27,782 -1.948974609375, -0.05
2021-12-27 18:06:27,792 -2.739990234375, -0.05
2021-12-27 18:06:27,802 -3.487060546875, -0.05
2021-12-27 18:06:27,812 -4.278076171875, -0.05
2021-12-27 18:06:27,822 -4.937255859375, -0.05
2021-12-27 18:06:27,832 -5.464599609375, -0.05
2021-12-27 18:06:27,842 -5.991943359375, -0.05
2021-12-27 18:06:27,853 -6.475341796875, -0.05
2021-12-27 18:06:27,863 -6.695068359375, -0.05
2021-12-27 18:06:27,873 -6.870849609375, -0.05
2021-12-27 18:06:27,883 -6.958740234375, -0.05
2021-12-27 18:06:27,893 -6.870849609375, -0.05
2021-12-27 18:06:27,903 -6.782958984375, -0.05
2021-12-27 18:06:27,913 -6.607177734375, -0.05
2021-12-27 18:06:27,923 -6.343505859375, -0.05
2021-12-27 18:06:27,934 -5.991943359375, -0.05
2021-12-27 18:06:27,944 -5.552490234375, -0.05
2021-12-27 18:06:27,955 -5.113037109375, -0.05
2021-12-27 18:06:27,968 -4.541748046875, -0.05
2021-12-27 18:06:27,980 -3.970458984375, -0.05
2021-12-27 18:06:27,992 -3.311279296875, -0.05
2021-12-27 18:06:28,001 -2.608154296875, -0.05
2021-12-27 18:06:28,011 -1.905029296875, -0.05
2021-12-27 18:06:28,021 -1.289794921875, -0.05
2021-12-27 18:06:28,031 -0.586669921875, -0.05
2021-12-27 18:06:28,041 -0.015380859375, -0.05
2021-12-27 18:06:28,051 0.643798828125, -0.05
2021-12-27 18:06:28,061 1.302978515625, -0.05
2021-12-27 18:06:28,071 1.918212890625, -0.05
2021-12-27 18:06:28,081 2.401611328125, -0.05
2021-12-27 18:06:28,091 2.972900390625, -0.05
2021-12-27 18:06:28,102 3.324462890625, -0.05
2021-12-27 18:06:28,112 3.895751953125, -0.05
2021-12-27 18:06:28,122 4.247314453125, -0.05
2021-12-27 18:06:28,132 4.598876953125, -0.05
2021-12-27 18:06:28,142 4.862548828125, -0.05
2021-12-27 18:06:28,152 4.862548828125, 0.05
2021-12-27 18:06:28,162 4.906494140625, 0.05
2021-12-27 18:06:28,172 6.796142578125, 0.05
2021-12-27 18:06:28,183 11.146728515625, 0.05
2021-12-27 18:06:28,193 16.815673828125, 0.05
2021-12-27 18:06:28,203 21.342041015625, 0.05
2021-12-27 18:06:28,213 24.637939453125, 0.05
2021-12-27 18:06:28,223 27.406494140625, 0.05
2021-12-27 18:06:28,233 28.988525390625, 0.05
2021-12-27 18:06:28,243 29.779541015625, 0.05
2021-12-27 18:06:28,254 29.823486328125, 0.05
2021-12-27 18:06:28,264 29.427978515625, 0.05
2021-12-27 18:06:28,274 28.197509765625, 0.05
2021-12-27 18:06:28,284 25.780517578125, 0.05
2021-12-27 18:06:28,294 22.264892578125, 0.05
2021-12-27 18:06:28,304 18.485595703125, 0.05
2021-12-27 18:06:28,314 15.497314453125, 0.05
2021-12-27 18:06:28,324 11.630126953125, 0.05
2021-12-27 18:06:28,334 7.806884765625, 0.05
2021-12-27 18:06:28,345 4.115478515625, 0.05
2021-12-27 18:06:28,355 0.336181640625, 0.05
2021-12-27 18:06:28,365 -3.355224609375, 0.05
2021-12-27 18:06:28,375 -6.519287109375, 0.05
2021-12-27 18:06:28,385 -9.639404296875, 0.05
2021-12-27 18:06:28,395 -12.276123046875, 0.05
2021-12-27 18:06:28,405 -14.517333984375, 0.05
2021-12-27 18:06:28,415 -16.538818359375, 0.05
2021-12-27 18:06:28,425 -18.296630859375, 0.05
2021-12-27 18:06:28,436 -20.142333984375, 0.05
2021-12-27 18:06:28,446 -21.768310546875, 0.05
2021-12-27 18:06:28,456 -23.130615234375, 0.05
2021-12-27 18:06:28,466 -24.888427734375, 0.05
2021-12-27 18:06:28,476 -25.371826171875, 0.05
2021-12-27 18:06:28,486 -25.591552734375, 0.05
2021-12-27 18:06:28,496 -25.503662109375, 0.05
2021-12-27 18:06:28,506 -25.239990234375, 0.05
2021-12-27 18:06:28,516 -24.668701171875, 0.05
2021-12-27 18:06:28,526 -23.789794921875, 0.05
2021-12-27 18:06:28,537 -22.735107421875, 0.05
2021-12-27 18:06:28,547 -21.504638671875, 0.05
2021-12-27 18:06:28,557 -19.834716796875, 0.05
2021-12-27 18:06:28,567 -18.120849609375, 0.05
2021-12-27 18:06:28,577 -16.319091796875, 0.05
2021-12-27 18:06:28,587 -14.121826171875, 0.05
2021-12-27 18:06:28,597 -11.748779296875, 0.05
2021-12-27 18:06:28,607 -9.199951171875, 0.05
2021-12-27 18:06:28,618 -6.387451171875, 0.05
2021-12-27 18:06:28,628 -3.531005859375, 0.05
2021-12-27 18:06:28,638 -0.806396484375, 0.05
2021-12-27 18:06:28,648 1.918212890625, 0.05
2021-12-27 18:06:28,658 4.554931640625, 0.05
2021-12-27 18:06:28,668 7.367431640625, 0.05
2021-12-27 18:06:28,679 9.916259765625, 0.05
2021-12-27 18:06:28,690 12.289306640625, 0.05
2021-12-27 18:06:28,699 15.497314453125, 0.05
2021-12-27 18:06:28,709 16.595947265625, 0.05
2021-12-27 18:06:28,719 18.046142578125, 0.05
2021-12-27 18:06:28,729 19.408447265625, 0.05
2021-12-27 18:06:28,739 20.331298828125, 0.05
2021-12-27 18:06:28,749 21.078369140625, 0.05
2021-12-27 18:06:28,759 21.561767578125, 0.05
2021-12-27 18:06:28,770 21.781494140625, 0.05
2021-12-27 18:06:28,780 21.605712890625, 0.05
2021-12-27 18:06:28,790 21.254150390625, 0.05
2021-12-27 18:06:28,800 20.551025390625, 0.05
2021-12-27 18:06:28,810 19.540283203125, 0.05
2021-12-27 18:06:28,820 18.353759765625, 0.05
2021-12-27 18:06:28,830 16.991455078125, 0.05
2021-12-27 18:06:28,840 15.453369140625, 0.05
2021-12-27 18:06:28,851 13.783447265625, 0.05
2021-12-27 18:06:28,861 11.937744140625, 0.05
2021-12-27 18:06:28,872 10.092041015625, 0.05
2021-12-27 18:06:28,881 8.246337890625, 0.05
2021-12-27 18:06:28,891 6.356689453125, 0.05
2021-12-27 18:06:28,901 4.467041015625, 0.05
2021-12-27 18:06:28,911 2.972900390625, 0.05
2021-12-27 18:06:28,921 0.863525390625, 0.05
2021-12-27 18:06:28,932 -0.806396484375, 0.05
2021-12-27 18:06:28,942 -2.432373046875, 0.05
2021-12-27 18:06:28,953 -4.146240234375, 0.05
2021-12-27 18:06:28,962 -5.728271484375, 0.05
2021-12-27 18:06:28,972 -7.310302734375, 0.05
2021-12-27 18:06:28,982 -8.848388671875, 0.05
2021-12-27 18:06:28,992 -10.210693359375, 0.05
2021-12-27 18:06:29,003 -11.485107421875, 0.05
2021-12-27 18:06:29,014 -12.627685546875, 0.05
2021-12-27 18:06:29,023 -13.638427734375, 0.05
2021-12-27 18:06:29,033 -14.385498046875, 0.05
2021-12-27 18:06:29,043 -15.000732421875, 0.05
2021-12-27 18:06:29,053 -15.396240234375, 0.05
2021-12-27 18:06:29,063 -15.703857421875, 0.05
2021-12-27 18:06:29,073 -15.791748046875, 0.05
2021-12-27 18:06:29,084 -15.703857421875, 0.05
2021-12-27 18:06:29,094 -15.440185546875, 0.05
2021-12-27 18:06:29,104 -14.912841796875, 0.05
2021-12-27 18:06:29,114 -14.253662109375, 0.05
2021-12-27 18:06:29,124 -12.935302734375, 0.05
2021-12-27 18:06:29,134 -12.144287109375, 0.05
2021-12-27 18:06:29,144 -10.913818359375, 0.05
2021-12-27 18:06:29,154 -9.507568359375, 0.05
2021-12-27 18:06:29,164 -8.101318359375, 0.05
2021-12-27 18:06:29,175 -6.519287109375, 0.05
2021-12-27 18:06:29,185 -4.893310546875, 0.05
2021-12-27 18:06:29,195 -3.179443359375, 0.05
2021-12-27 18:06:29,205 -1.509521484375, 0.05
2021-12-27 18:06:29,215 0.292236328125, 0.05
2021-12-27 18:06:29,225 1.962158203125, 0.05
2021-12-27 18:06:29,235 3.763916015625, 0.05
2021-12-27 18:06:29,246 5.345947265625, 0.05
2021-12-27 18:06:29,255 6.971923828125, 0.05
2021-12-27 18:06:29,265 8.466064453125, 0.05
2021-12-27 18:06:29,276 9.740478515625, 0.05
2021-12-27 18:06:29,286 11.014892578125, 0.05
2021-12-27 18:06:29,296 11.893798828125, 0.05
2021-12-27 18:06:29,306 12.684814453125, 0.05
2021-12-27 18:06:29,316 13.256103515625, 0.05
2021-12-27 18:06:29,327 13.651611328125, 0.05
2021-12-27 18:06:29,337 13.871337890625, 0.05
2021-12-27 18:06:29,347 13.915283203125, 0.05
2021-12-27 18:06:29,357 13.739501953125, 0.05
2021-12-27 18:06:29,367 13.519775390625, 0.05
2021-12-27 18:06:29,377 13.080322265625, 0.05
2021-12-27 18:06:29,388 12.421142578125, 0.05
2021-12-27 18:06:29,401 11.630126953125, 0.05
2021-12-27 18:06:29,408 10.707275390625, 0.05
2021-12-27 18:06:29,418 9.608642578125, 0.05
2021-12-27 18:06:29,428 8.334228515625, 0.05
2021-12-27 18:06:29,438 7.059814453125, 0.05
2021-12-27 18:06:29,448 5.653564453125, 0.05
2021-12-27 18:06:29,458 4.159423828125, 0.05
2021-12-27 18:06:29,469 2.753173828125, 0.05
2021-12-27 18:06:29,479 1.127197265625, 0.05
2021-12-27 18:06:29,489 -0.191162109375, 0.05
2021-12-27 18:06:29,499 -1.729248046875, 0.05
2021-12-27 18:06:29,509 -3.091552734375, 0.05
2021-12-27 18:06:29,519 -4.322021484375, 0.05
2021-12-27 18:06:29,530 -5.596435546875, 0.05
2021-12-27 18:06:29,540 -6.782958984375, 0.05
2021-12-27 18:06:29,550 -7.881591796875, 0.05
2021-12-27 18:06:29,560 -8.760498046875, 0.05
2021-12-27 18:06:29,570 -9.375732421875, 0.05
2021-12-27 18:06:29,580 -10.166748046875, 0.05
2021-12-27 18:06:29,590 -10.606201171875, 0.05
2021-12-27 18:06:29,600 -11.001708984375, 0.05
2021-12-27 18:06:29,610 -11.265380859375, 0.05
2021-12-27 18:06:29,621 -11.265380859375, 0.05
2021-12-27 18:06:29,631 -11.221435546875, 0.05
2021-12-27 18:06:29,641 -10.825927734375, 0.05
2021-12-27 18:06:29,651 -10.518310546875, 0.05
2021-12-27 18:06:29,661 -9.990966796875, 0.05
2021-12-27 18:06:29,671 -9.331787109375, 0.05
2021-12-27 18:06:29,681 -8.540771484375, 0.05
2021-12-27 18:06:29,692 -7.573974609375, 0.05
2021-12-27 18:06:29,702 -6.739013671875, 0.05
2021-12-27 18:06:29,712 -5.640380859375, 0.05
2021-12-27 18:06:29,722 -4.629638671875, 0.05
2021-12-27 18:06:29,732 -3.311279296875, 0.05
2021-12-27 18:06:29,742 -2.124755859375, 0.05
2021-12-27 18:06:29,753 -1.026123046875, 0.05
2021-12-27 18:06:29,763 0.248291015625, 0.05
2021-12-27 18:06:29,773 1.390869140625, 0.05
2021-12-27 18:06:29,783 2.709228515625, 0.05
2021-12-27 18:06:29,793 3.676025390625, 0.05
2021-12-27 18:06:29,803 4.730712890625, 0.05
2021-12-27 18:06:29,813 5.741455078125, 0.05
2021-12-27 18:06:29,823 6.620361328125, 0.05
2021-12-27 18:06:29,833 7.411376953125, 0.05
2021-12-27 18:06:29,844 8.070556640625, 0.05
2021-12-27 18:06:29,854 8.641845703125, 0.05
2021-12-27 18:06:29,864 9.125244140625, 0.05
2021-12-27 18:06:29,874 9.432861328125, 0.05
2021-12-27 18:06:29,884 9.476806640625, 0.05
2021-12-27 18:06:29,894 9.476806640625, 0.05
2021-12-27 18:06:29,904 9.388916015625, 0.05
2021-12-27 18:06:29,915 9.169189453125, 0.05
2021-12-27 18:06:29,925 8.905517578125, 0.05
2021-12-27 18:06:29,935 8.422119140625, 0.05
2021-12-27 18:06:29,945 7.850830078125, 0.05
2021-12-27 18:06:29,955 7.147705078125, 0.05
2021-12-27 18:06:29,965 6.356689453125, 0.05
2021-12-27 18:06:29,975 5.477783203125, 0.05
2021-12-27 18:06:29,985 4.598876953125, 0.05
2021-12-27 18:06:29,996 3.632080078125, 0.05
2021-12-27 18:06:30,006 2.709228515625, 0.05
2021-12-27 18:06:30,016 1.786376953125, 0.05
2021-12-27 18:06:30,026 0.775634765625, 0.05
2021-12-27 18:06:30,036 -0.322998046875, 0.05
2021-12-27 18:06:30,046 -1.245849609375, 0.05
2021-12-27 18:06:30,056 -2.168701171875, 0.05
2021-12-27 18:06:30,066 -3.003662109375, 0.05
2021-12-27 18:06:30,076 -3.838623046875, 0.05
2021-12-27 18:06:30,087 -4.585693359375, 0.05
2021-12-27 18:06:30,097 -5.200927734375, 0.05
2021-12-27 18:06:30,107 -5.904052734375, 0.05
2021-12-27 18:06:30,117 -6.387451171875, 0.05
2021-12-27 18:06:30,127 -6.826904296875, 0.05
2021-12-27 18:06:30,137 -7.178466796875, 0.05
2021-12-27 18:06:30,147 -7.398193359375, 0.05
2021-12-27 18:06:30,157 -7.486083984375, 0.05
2021-12-27 18:06:30,167 -7.573974609375, 0.05
2021-12-27 18:06:30,178 -7.442138671875, 0.05
2021-12-27 18:06:30,188 -7.310302734375, 0.05
2021-12-27 18:06:30,198 -7.002685546875, 0.05
2021-12-27 18:06:30,208 -6.651123046875, 0.05
2021-12-27 18:06:30,218 -6.211669921875, 0.05
2021-12-27 18:06:30,228 -5.596435546875, 0.05
2021-12-27 18:06:30,238 -5.069091796875, 0.05
2021-12-27 18:06:30,249 -4.453857421875, 0.05
2021-12-27 18:06:30,259 -3.838623046875, 0.05
2021-12-27 18:06:30,269 -3.091552734375, 0.05
2021-12-27 18:06:30,279 -2.300537109375, 0.05
2021-12-27 18:06:30,289 -1.421630859375, 0.05
2021-12-27 18:06:30,299 -0.674560546875, 0.05
2021-12-27 18:06:30,310 0.204345703125, 0.05
2021-12-27 18:06:30,320 0.951416015625, 0.05
2021-12-27 18:06:30,330 1.654541015625, 0.05
2021-12-27 18:06:30,340 2.401611328125, 0.05
2021-12-27 18:06:30,350 3.060791015625, 0.05
2021-12-27 18:06:30,360 3.676025390625, 0.05
2021-12-27 18:06:30,370 4.203369140625, 0.05
2021-12-27 18:06:30,380 4.774658203125, 0.05
2021-12-27 18:06:30,391 5.170166015625, 0.05
2021-12-27 18:06:30,401 5.433837890625, 0.05
2021-12-27 18:06:30,412 5.741455078125, 0.05
2021-12-27 18:06:30,421 5.873291015625, 0.05
2021-12-27 18:06:30,432 5.917236328125, 0.05
2021-12-27 18:06:30,442 5.873291015625, 0.05
2021-12-27 18:06:30,452 5.741455078125, 0.05
2021-12-27 18:06:30,462 5.697509765625, 0.05
2021-12-27 18:06:30,472 5.477783203125, 0.05
2021-12-27 18:06:30,482 5.214111328125, 0.05
2021-12-27 18:06:30,492 4.818603515625, 0.05
2021-12-27 18:06:30,502 4.335205078125, 0.05
2021-12-27 18:06:30,513 3.763916015625, 0.05
2021-12-27 18:06:30,523 3.280517578125, 0.05
2021-12-27 18:06:30,533 2.753173828125, 0.05
2021-12-27 18:06:30,543 2.137939453125, 0.05
2021-12-27 18:06:30,553 1.566650390625, 0.05
2021-12-27 18:06:30,563 0.951416015625, 0.05
2021-12-27 18:06:30,574 0.336181640625, 0.05
2021-12-27 18:06:30,584 -0.279052734375, 0.05
2021-12-27 18:06:30,594 -0.850341796875, 0.05
2021-12-27 18:06:30,604 -1.377685546875, 0.05
2021-12-27 18:06:30,614 -1.948974609375, 0.05
2021-12-27 18:06:30,624 -2.520263671875, 0.05
2021-12-27 18:06:30,634 -2.871826171875, 0.05
2021-12-27 18:06:30,644 -3.179443359375, 0.05
2021-12-27 18:06:30,655 -3.750732421875, 0.05
2021-12-27 18:06:30,665 -4.014404296875, 0.05
2021-12-27 18:06:30,675 -4.322021484375, 0.05
2021-12-27 18:06:30,685 -4.453857421875, 0.05
2021-12-27 18:06:30,695 -4.585693359375, 0.05
2021-12-27 18:06:30,706 -4.585693359375, 0.05
2021-12-27 18:06:30,716 -4.629638671875, 0.05
2021-12-27 18:06:30,726 -4.629638671875, 0.05
2021-12-27 18:06:30,736 -4.497802734375, 0.05
2021-12-27 18:06:30,746 -4.278076171875, 0.05
2021-12-27 18:06:30,756 -4.102294921875, 0.05
2021-12-27 18:06:30,766 -3.794677734375, 0.05
2021-12-27 18:06:30,777 -3.487060546875, 0.05
2021-12-27 18:06:30,787 -3.179443359375, 0.05
2021-12-27 18:06:30,797 -2.783935546875, 0.05
2021-12-27 18:06:30,807 -2.388427734375, 0.05
2021-12-27 18:06:30,817 -1.948974609375, 0.05
2021-12-27 18:06:30,827 -1.421630859375, 0.05
2021-12-27 18:06:30,837 -0.982177734375, 0.05
2021-12-27 18:06:30,848 -0.586669921875, 0.05
2021-12-27 18:06:30,858 -0.147216796875, 0.05
2021-12-27 18:06:30,868 0.292236328125, 0.05
2021-12-27 18:06:30,878 0.863525390625, 0.05
2021-12-27 18:06:30,888 1.302978515625, 0.05
2021-12-27 18:06:30,899 1.610595703125, 0.05
2021-12-27 18:06:30,909 2.050048828125, 0.05
2021-12-27 18:06:30,919 2.313720703125, 0.05
2021-12-27 18:06:30,929 2.621337890625, 0.05
2021-12-27 18:06:30,939 2.928955078125, 0.05
2021-12-27 18:06:30,949 3.060791015625, 0.05
2021-12-27 18:06:30,959 3.236572265625, 0.05
2021-12-27 18:06:30,969 3.324462890625, 0.05
2021-12-27 18:06:30,979 3.456298828125, 0.05
2021-12-27 18:06:30,989 3.412353515625, 0.05
2021-12-27 18:06:31,000 3.412353515625, 0.05
2021-12-27 18:06:31,010 3.368408203125, 0.05
2021-12-27 18:06:31,020 3.236572265625, 0.05
2021-12-27 18:06:31,031 3.016845703125, 0.05
2021-12-27 18:06:31,041 2.797119140625, 0.05
2021-12-27 18:06:31,052 2.577392578125, 0.05
2021-12-27 18:06:31,062 2.269775390625, 0.05
2021-12-27 18:06:31,071 1.918212890625, 0.05
2021-12-27 18:06:31,082 1.610595703125, 0.05
2021-12-27 18:06:31,092 1.302978515625, 0.05
2021-12-27 18:06:31,102 0.907470703125, 0.05
2021-12-27 18:06:31,113 0.468017578125, 0.05
2021-12-27 18:06:31,124 0.116455078125, 0.05
2021-12-27 18:06:31,133 -0.191162109375, 0.05
2021-12-27 18:06:31,143 -0.674560546875, 0.05
2021-12-27 18:06:31,153 -0.938232421875, 0.05
2021-12-27 18:06:31,163 -1.245849609375, 0.05
2021-12-27 18:06:31,173 -1.509521484375, 0.05
2021-12-27 18:06:31,185 -1.773193359375, 0.05
2021-12-27 18:06:31,195 -1.992919921875, 0.05
2021-12-27 18:06:31,207 -2.168701171875, 0.05
2021-12-27 18:06:31,218 -2.300537109375, 0.05
2021-12-27 18:06:31,228 -2.476318359375, 0.05
2021-12-27 18:06:31,239 -2.564208984375, 0.05
2021-12-27 18:06:31,249 -2.608154296875, 0.05
2021-12-27 18:06:31,258 -2.696044921875, 0.05
2021-12-27 18:06:31,268 -2.652099609375, 0.05
2021-12-27 18:06:31,278 -2.564208984375, 0.05
2021-12-27 18:06:31,289 -2.564208984375, 0.05
2021-12-27 18:06:31,299 -2.432373046875, 0.05
2021-12-27 18:06:31,310 -2.256591796875, 0.05
2021-12-27 18:06:31,320 -2.124755859375, 0.05
2021-12-27 18:06:31,330 -2.036865234375, 0.05
2021-12-27 18:06:31,340 -1.817138671875, 0.05
2021-12-27 18:06:31,350 -1.597412109375, 0.05
2021-12-27 18:06:31,360 -1.377685546875, 0.05
2021-12-27 18:06:31,370 -1.157958984375, 0.05
2021-12-27 18:06:31,381 -0.850341796875, 0.05
2021-12-27 18:06:31,392 -0.630615234375, 0.05
2021-12-27 18:06:31,402 -0.410888671875, 0.05
2021-12-27 18:06:31,411 -0.103271484375, 0.05
2021-12-27 18:06:31,423 0.160400390625, 0.05
2021-12-27 18:06:31,433 0.424072265625, 0.05
2021-12-27 18:06:31,442 0.687744140625, 0.05
2021-12-27 18:06:31,452 0.907470703125, 0.05
2021-12-27 18:06:31,462 1.127197265625, 0.05
2021-12-27 18:06:31,472 1.215087890625, 0.05
2021-12-27 18:06:31,482 1.478759765625, 0.05
2021-12-27 18:06:31,492 1.654541015625, 0.05
2021-12-27 18:06:31,503 1.742431640625, 0.05
2021-12-27 18:06:31,513 1.830322265625, 0.05
2021-12-27 18:06:31,523 2.006103515625, 0.05
2021-12-27 18:06:31,533 2.050048828125, 0.05
2021-12-27 18:06:31,543 2.006103515625, 0.05
2021-12-27 18:06:31,553 1.962158203125, 0.05
2021-12-27 18:06:31,563 1.918212890625, 0.05
2021-12-27 18:06:31,574 1.830322265625, 0.05
2021-12-27 18:06:31,584 1.742431640625, 0.05
2021-12-27 18:06:31,594 1.654541015625, 0.05
2021-12-27 18:06:31,604 1.566650390625, 0.05
2021-12-27 18:06:31,614 1.302978515625, 0.05
2021-12-27 18:06:31,625 1.171142578125, 0.05
2021-12-27 18:06:31,635 0.995361328125, 0.05
2021-12-27 18:06:31,645 0.775634765625, 0.05
2021-12-27 18:06:31,655 0.599853515625, 0.05
2021-12-27 18:06:31,666 0.424072265625, 0.05
2021-12-27 18:06:31,675 0.204345703125, 0.05
2021-12-27 18:06:31,686 -0.015380859375, 0.05
2021-12-27 18:06:31,696 -0.191162109375, 0.05
2021-12-27 18:06:31,706 -0.366943359375, 0.05
2021-12-27 18:06:31,716 -0.542724609375, 0.05
2021-12-27 18:06:31,726 -0.674560546875, 0.05
2021-12-27 18:06:31,736 -0.674560546875, -0.05
2021-12-27 18:06:31,746 -0.850341796875, -0.05
2021-12-27 18:06:31,757 -1.597412109375, -0.05
2021-12-27 18:06:31,767 -5.552490234375, -0.05
2021-12-27 18:06:31,777 -11.353271484375, -0.05
2021-12-27 18:06:31,788 -16.275146484375, -0.05
2021-12-27 18:06:31,798 -20.889404296875, -0.05
2021-12-27 18:06:31,808 -24.053466796875, -0.05
2021-12-27 18:06:31,818 -26.734130859375, -0.05
2021-12-27 18:06:31,830 -28.799560546875, -0.05
2021-12-27 18:06:31,838 -30.073974609375, -0.05
2021-12-27 18:06:31,849 -30.030029296875, -0.05
2021-12-27 18:06:31,859 -29.678466796875, -0.05
2021-12-27 18:06:31,869 -28.711669921875, -0.05
2021-12-27 18:06:31,879 -27.085693359375, -0.05
2021-12-27 18:06:31,889 -24.580810546875, -0.05
2021-12-27 18:06:31,899 -21.812255859375, -0.05
2021-12-27 18:06:31,909 -19.131591796875, -0.05
2021-12-27 18:06:31,919 -15.747802734375, -0.05
2021-12-27 18:06:31,930 -12.583740234375, -0.05
2021-12-27 18:06:31,940 -8.101318359375, -0.05
2021-12-27 18:06:31,950 -4.102294921875, -0.05
2021-12-27 18:06:31,960 -0.147216796875, -0.05
2021-12-27 18:06:31,970 3.588134765625, -0.05
2021-12-27 18:06:31,980 7.103759765625, -0.05
2021-12-27 18:06:31,990 10.531494140625, -0.05
2021-12-27 18:06:32,001 14.047119140625, -0.05
2021-12-27 18:06:32,011 17.343017578125, -0.05
2021-12-27 18:06:32,021 20.111572265625, -0.05
2021-12-27 18:06:32,031 22.572509765625, -0.05
2021-12-27 18:06:32,041 24.769775390625, -0.05
2021-12-27 18:06:32,051 28.241455078125, -0.05
2021-12-27 18:06:32,061 29.296142578125, -0.05
2021-12-27 18:06:32,075 29.999267578125, -0.05
2021-12-27 18:06:32,085 30.218994140625, -0.05
2021-12-27 18:06:32,095 30.262939453125, -0.05
2021-12-27 18:06:32,106 30.043212890625, -0.05
2021-12-27 18:06:32,116 29.559814453125, -0.05
2021-12-27 18:06:32,126 28.812744140625, -0.05
2021-12-27 18:06:32,136 27.494384765625, -0.05
2021-12-27 18:06:32,146 25.824462890625, -0.05
2021-12-27 18:06:32,157 23.890869140625, -0.05
2021-12-27 18:06:32,167 21.561767578125, -0.05
2021-12-27 18:06:32,177 19.100830078125, -0.05
2021-12-27 18:06:32,188 16.200439453125, -0.05
2021-12-27 18:06:32,197 13.124267578125, -0.05
2021-12-27 18:06:32,207 10.927001953125, -0.05
2021-12-27 18:06:32,218 6.444580078125, -0.05
2021-12-27 18:06:32,229 2.928955078125, -0.05
2021-12-27 18:06:32,238 -0.103271484375, -0.05
2021-12-27 18:06:32,249 -3.135498046875, -0.05
2021-12-27 18:06:32,259 -5.991943359375, -0.05
2021-12-27 18:06:32,269 -8.804443359375, -0.05
2021-12-27 18:06:32,279 -11.133544921875, -0.05
2021-12-27 18:06:32,289 -13.330810546875, -0.05
2021-12-27 18:06:32,299 -15.572021484375, -0.05
2021-12-27 18:06:32,309 -17.901123046875, -0.05
2021-12-27 18:06:32,319 -19.571044921875, -0.05
2021-12-27 18:06:32,330 -21.197021484375, -0.05
2021-12-27 18:06:32,340 -22.295654296875, -0.05
2021-12-27 18:06:32,350 -23.218505859375, -0.05
2021-12-27 18:06:32,360 -23.877685546875, -0.05
2021-12-27 18:06:32,370 -24.317138671875, -0.05
2021-12-27 18:06:32,380 -24.536865234375, -0.05
2021-12-27 18:06:32,390 -24.448974609375, -0.05
2021-12-27 18:06:32,400 -23.921630859375, -0.05
2021-12-27 18:06:32,411 -22.998779296875, -0.05
2021-12-27 18:06:32,421 -21.724365234375, -0.05
2021-12-27 18:06:32,431 -20.098388671875, -0.05
2021-12-27 18:06:32,441 -18.208740234375, -0.05
2021-12-27 18:06:32,451 -16.275146484375, -0.05
2021-12-27 18:06:32,461 -13.858154296875, -0.05
2021-12-27 18:06:32,471 -11.748779296875, -0.05
2021-12-27 18:06:32,481 -9.243896484375, -0.05
2021-12-27 18:06:32,491 -6.695068359375, -0.05
2021-12-27 18:06:32,502 -4.234130859375, -0.05
2021-12-27 18:06:32,512 -1.641357421875, -0.05
2021-12-27 18:06:32,522 0.995361328125, -0.05
2021-12-27 18:06:32,532 3.807861328125, -0.05
2021-12-27 18:06:32,542 6.400634765625, -0.05
2021-12-27 18:06:32,552 8.861572265625, -0.05
2021-12-27 18:06:32,562 11.190673828125, -0.05
2021-12-27 18:06:32,573 13.300048828125, -0.05
2021-12-27 18:06:32,583 15.189697265625, -0.05
2021-12-27 18:06:32,593 16.639892578125, -0.05
2021-12-27 18:06:32,603 18.046142578125, -0.05
2021-12-27 18:06:32,614 18.968994140625, -0.05
2021-12-27 18:06:32,624 19.716064453125, -0.05
2021-12-27 18:06:32,634 20.287353515625, -0.05
2021-12-27 18:06:32,644 20.682861328125, -0.05
2021-12-27 18:06:32,654 20.770751953125, -0.05
2021-12-27 18:06:32,664 20.638916015625, -0.05
2021-12-27 18:06:32,674 20.287353515625, -0.05
2021-12-27 18:06:32,684 19.716064453125, -0.05
2021-12-27 18:06:32,694 18.925048828125, -0.05
2021-12-27 18:06:32,705 18.002197265625, -0.05
2021-12-27 18:06:32,715 16.639892578125, -0.05
2021-12-27 18:06:32,725 15.189697265625, -0.05
2021-12-27 18:06:32,735 13.695556640625, -0.05
2021-12-27 18:06:32,745 11.322509765625, -0.05
2021-12-27 18:06:32,755 9.257080078125, -0.05
2021-12-27 18:06:32,766 6.971923828125, -0.05
2021-12-27 18:06:32,775 4.730712890625, -0.05
2021-12-27 18:06:32,785 3.060791015625, -0.05
2021-12-27 18:06:32,795 0.248291015625, -0.05
2021-12-27 18:06:32,806 -1.861083984375, -0.05
2021-12-27 18:06:32,816 -3.838623046875, -0.05
2021-12-27 18:06:32,826 -5.684326171875, -0.05
2021-12-27 18:06:32,836 -7.442138671875, -0.05
2021-12-27 18:06:32,846 -9.024169921875, -0.05
2021-12-27 18:06:32,856 -10.606201171875, -0.05
2021-12-27 18:06:32,866 -11.836669921875, -0.05
2021-12-27 18:06:32,876 -13.067138671875, -0.05
2021-12-27 18:06:32,887 -14.297607421875, -0.05
2021-12-27 18:06:32,897 -15.352294921875, -0.05
2021-12-27 18:06:32,907 -16.319091796875, -0.05
2021-12-27 18:06:32,917 -16.978271484375, -0.05
2021-12-27 18:06:32,927 -17.373779296875, -0.05
2021-12-27 18:06:32,937 -17.373779296875, -0.05
2021-12-27 18:06:32,947 -17.154052734375, -0.05
2021-12-27 18:06:32,958 -16.670654296875, -0.05
2021-12-27 18:06:32,968 -16.099365234375, -0.05
2021-12-27 18:06:32,978 -15.396240234375, -0.05
2021-12-27 18:06:32,988 -14.605224609375, -0.05
2021-12-27 18:06:32,998 -13.550537109375, -0.05
2021-12-27 18:06:33,008 -12.627685546875, -0.05
2021-12-27 18:06:33,018 -11.045654296875, -0.05
2021-12-27 18:06:33,029 -9.507568359375, -0.05
2021-12-27 18:06:33,039 -7.837646484375, -0.05
2021-12-27 18:06:33,049 -5.947998046875, -0.05
2021-12-27 18:06:33,059 -4.058349609375, -0.05
2021-12-27 18:06:33,069 -2.036865234375, -0.05
2021-12-27 18:06:33,079 -0.191162109375, -0.05
2021-12-27 18:06:33,090 1.610595703125, -0.05
2021-12-27 18:06:33,100 3.412353515625, -0.05
2021-12-27 18:06:33,110 4.994384765625, -0.05
2021-12-27 18:06:33,121 6.620361328125, -0.05
2021-12-27 18:06:33,132 7.894775390625, -0.05
2021-12-27 18:06:33,143 9.125244140625, -0.05
2021-12-27 18:06:33,152 10.267822265625, -0.05
2021-12-27 18:06:33,162 11.190673828125, -0.05
2021-12-27 18:06:33,172 11.893798828125, -0.05
2021-12-27 18:06:33,183 12.465087890625, -0.05
2021-12-27 18:06:33,193 12.948486328125, -0.05
2021-12-27 18:06:33,204 13.300048828125, -0.05
2021-12-27 18:06:33,214 13.475830078125, -0.05
2021-12-27 18:06:33,224 13.475830078125, -0.05
2021-12-27 18:06:33,234 13.387939453125, -0.05
2021-12-27 18:06:33,244 13.256103515625, -0.05
2021-12-27 18:06:33,254 12.816650390625, -0.05
2021-12-27 18:06:33,264 12.201416015625, -0.05
2021-12-27 18:06:33,274 11.410400390625, -0.05
2021-12-27 18:06:33,284 10.399658203125, -0.05
2021-12-27 18:06:33,295 9.301025390625, -0.05
2021-12-27 18:06:33,305 8.114501953125, -0.05
2021-12-27 18:06:33,315 6.752197265625, -0.05
2021-12-27 18:06:33,325 5.389892578125, -0.05
2021-12-27 18:06:33,335 3.807861328125, -0.05
2021-12-27 18:06:33,345 2.357666015625, -0.05
2021-12-27 18:06:33,355 1.039306640625, -0.05
2021-12-27 18:06:33,365 -0.322998046875, -0.05
2021-12-27 18:06:33,376 -1.685302734375, -0.05
2021-12-27 18:06:33,386 -2.959716796875, -0.05
2021-12-27 18:06:33,396 -4.102294921875, -0.05
2021-12-27 18:06:33,406 -5.200927734375, -0.05
2021-12-27 18:06:33,416 -6.211669921875, -0.05
2021-12-27 18:06:33,426 -7.178466796875, -0.05
2021-12-27 18:06:33,437 -8.101318359375, -0.05
2021-12-27 18:06:33,447 -9.024169921875, -0.05
2021-12-27 18:06:33,457 -9.815185546875, -0.05
2021-12-27 18:06:33,467 -10.562255859375, -0.05
2021-12-27 18:06:33,477 -11.001708984375, -0.05
2021-12-27 18:06:33,487 -11.353271484375, -0.05
2021-12-27 18:06:33,497 -11.485107421875, -0.05
2021-12-27 18:06:33,507 -11.397216796875, -0.05
2021-12-27 18:06:33,518 -11.089599609375, -0.05
2021-12-27 18:06:33,528 -10.781982421875, -0.05
2021-12-27 18:06:33,538 -10.210693359375, -0.05
2021-12-27 18:06:33,548 -9.683349609375, -0.05
2021-12-27 18:06:33,558 -9.068115234375, -0.05
2021-12-27 18:06:33,568 -8.408935546875, -0.05
2021-12-27 18:06:33,578 -7.486083984375, -0.05
2021-12-27 18:06:33,588 -6.695068359375, -0.05
2021-12-27 18:06:33,599 -5.508544921875, -0.05
2021-12-27 18:06:33,613 -4.322021484375, -0.05
2021-12-27 18:06:33,623 -3.047607421875, -0.05
2021-12-27 18:06:33,633 -1.861083984375, -0.05
2021-12-27 18:06:33,644 -0.718505859375, -0.05
2021-12-27 18:06:33,654 0.424072265625, -0.05
2021-12-27 18:06:33,664 1.522705078125, -0.05
2021-12-27 18:06:33,674 2.533447265625, -0.05
2021-12-27 18:06:33,685 3.412353515625, -0.05
2021-12-27 18:06:33,695 4.335205078125, -0.05
2021-12-27 18:06:33,705 5.082275390625, -0.05
2021-12-27 18:06:33,715 5.653564453125, -0.05
2021-12-27 18:06:33,725 6.488525390625, -0.05
2021-12-27 18:06:33,736 7.103759765625, -0.05
2021-12-27 18:06:33,746 7.631103515625, -0.05
2021-12-27 18:06:33,756 8.158447265625, -0.05
2021-12-27 18:06:33,766 8.510009765625, -0.05
2021-12-27 18:06:33,776 8.729736328125, -0.05
2021-12-27 18:06:33,786 8.861572265625, -0.05
2021-12-27 18:06:33,796 8.817626953125, -0.05
2021-12-27 18:06:33,806 8.510009765625, -0.05
2021-12-27 18:06:33,816 8.114501953125, -0.05
2021-12-27 18:06:33,827 7.631103515625, -0.05
2021-12-27 18:06:33,837 7.191650390625, -0.05
2021-12-27 18:06:33,847 6.620361328125, -0.05
2021-12-27 18:06:33,857 5.961181640625, -0.05
2021-12-27 18:06:33,867 5.389892578125, -0.05
2021-12-27 18:06:33,877 4.642822265625, -0.05
2021-12-27 18:06:33,888 3.807861328125, -0.05
2021-12-27 18:06:33,897 3.016845703125, -0.05
2021-12-27 18:06:33,908 2.093994140625, -0.05
2021-12-27 18:06:33,918 0.819580078125, -0.05
2021-12-27 18:06:33,928 -0.103271484375, -0.05
2021-12-27 18:06:33,938 -1.026123046875, -0.05
2021-12-27 18:06:33,948 -1.817138671875, -0.05
2021-12-27 18:06:33,958 -2.696044921875, -0.05
2021-12-27 18:06:33,968 -3.531005859375, -0.05
2021-12-27 18:06:33,978 -4.278076171875, -0.05
2021-12-27 18:06:33,989 -5.069091796875, -0.05
2021-12-27 18:06:33,999 -5.772216796875, -0.05
2021-12-27 18:06:34,009 -6.387451171875, -0.05
2021-12-27 18:06:34,019 -6.607177734375, -0.05
2021-12-27 18:06:34,029 -7.134521484375, -0.05
2021-12-27 18:06:34,039 -7.310302734375, -0.05
2021-12-27 18:06:34,049 -7.442138671875, -0.05
2021-12-27 18:06:34,059 -7.486083984375, -0.05
2021-12-27 18:06:34,070 -7.354248046875, -0.05
2021-12-27 18:06:34,080 -7.266357421875, -0.05
2021-12-27 18:06:34,090 -7.002685546875, -0.05
2021-12-27 18:06:34,100 -6.782958984375, -0.05
2021-12-27 18:06:34,110 -6.387451171875, -0.05
2021-12-27 18:06:34,122 -6.035888671875, -0.05
2021-12-27 18:06:34,130 -5.464599609375, -0.05
2021-12-27 18:06:34,141 -4.893310546875, -0.05
2021-12-27 18:06:34,151 -4.190185546875, -0.05
2021-12-27 18:06:34,161 -3.574951171875, -0.05
2021-12-27 18:06:34,171 -2.696044921875, -0.05
2021-12-27 18:06:34,181 -1.992919921875, -0.05
2021-12-27 18:06:34,191 -1.245849609375, -0.05
2021-12-27 18:06:34,202 -0.498779296875, -0.05
2021-12-27 18:06:34,212 0.248291015625, -0.05
2021-12-27 18:06:34,222 0.819580078125, -0.05
2021-12-27 18:06:34,233 1.522705078125, -0.05
2021-12-27 18:06:34,243 2.225830078125, -0.05
2021-12-27 18:06:34,253 2.797119140625, -0.05
2021-12-27 18:06:34,264 3.324462890625, -0.05
2021-12-27 18:06:34,273 3.807861328125, -0.05
2021-12-27 18:06:34,283 4.510986328125, -0.05
2021-12-27 18:06:34,293 4.642822265625, -0.05
2021-12-27 18:06:34,303 5.082275390625, -0.05
2021-12-27 18:06:34,313 5.345947265625, -0.05
2021-12-27 18:06:34,324 5.477783203125, -0.05
2021-12-27 18:06:34,334 5.609619140625, -0.05
2021-12-27 18:06:34,344 5.521728515625, -0.05
2021-12-27 18:06:34,354 5.302001953125, -0.05
2021-12-27 18:06:34,365 5.170166015625, -0.05
2021-12-27 18:06:34,374 4.906494140625, -0.05
2021-12-27 18:06:34,384 4.686767578125, -0.05
2021-12-27 18:06:34,394 4.379150390625, -0.05
2021-12-27 18:06:34,405 3.895751953125, -0.05
2021-12-27 18:06:34,415 3.544189453125, -0.05
2021-12-27 18:06:34,425 2.928955078125, -0.05
2021-12-27 18:06:34,435 2.445556640625, -0.05
2021-12-27 18:06:34,445 1.918212890625, -0.05
2021-12-27 18:06:34,455 1.302978515625, -0.05
2021-12-27 18:06:34,465 0.687744140625, -0.05
2021-12-27 18:06:34,475 0.028564453125, -0.05
2021-12-27 18:06:34,486 -0.630615234375, -0.05
2021-12-27 18:06:34,496 -1.245849609375, -0.05
2021-12-27 18:06:34,506 -1.729248046875, -0.05
2021-12-27 18:06:34,518 -2.168701171875, -0.05
2021-12-27 18:06:34,528 -2.608154296875, -0.05
2021-12-27 18:06:34,540 -2.959716796875, -0.05
2021-12-27 18:06:34,547 -3.443115234375, -0.05
2021-12-27 18:06:34,557 -3.794677734375, -0.05
2021-12-27 18:06:34,567 -4.058349609375, -0.05
2021-12-27 18:06:34,577 -4.453857421875, -0.05
2021-12-27 18:06:34,587 -4.673583984375, -0.05
2021-12-27 18:06:34,598 -4.805419921875, -0.05
2021-12-27 18:06:34,608 -4.893310546875, -0.05
2021-12-27 18:06:34,619 -4.893310546875, -0.05
2021-12-27 18:06:34,629 -4.849365234375, -0.05
2021-12-27 18:06:34,639 -4.717529296875, -0.05
2021-12-27 18:06:34,649 -4.541748046875, -0.05
2021-12-27 18:06:34,659 -4.234130859375, -0.05
2021-12-27 18:06:34,669 -3.970458984375, -0.05
2021-12-27 18:06:34,679 -3.662841796875, -0.05
2021-12-27 18:06:34,689 -3.311279296875, -0.05
2021-12-27 18:06:34,700 -2.959716796875, -0.05
2021-12-27 18:06:34,710 -2.476318359375, -0.05
2021-12-27 18:06:34,720 -2.124755859375, -0.05
2021-12-27 18:06:34,730 -1.685302734375, -0.05
2021-12-27 18:06:34,740 -1.245849609375, -0.05
2021-12-27 18:06:34,750 -0.674560546875, -0.05
2021-12-27 18:06:34,760 -0.235107421875, -0.05
2021-12-27 18:06:34,770 0.248291015625, -0.05
2021-12-27 18:06:34,780 0.643798828125, -0.05
2021-12-27 18:06:34,790 1.171142578125, -0.05
2021-12-27 18:06:34,801 1.566650390625, -0.05
2021-12-27 18:06:34,811 1.830322265625, -0.05
2021-12-27 18:06:34,821 2.225830078125, -0.05
2021-12-27 18:06:34,831 2.533447265625, -0.05
2021-12-27 18:06:34,841 2.665283203125, -0.05
2021-12-27 18:06:34,854 2.885009765625, -0.05
2021-12-27 18:06:34,862 3.016845703125, -0.05
2021-12-27 18:06:34,872 3.148681640625, -0.05
2021-12-27 18:06:34,882 3.148681640625, -0.05
2021-12-27 18:06:34,892 3.192626953125, -0.05
2021-12-27 18:06:34,902 3.148681640625, -0.05
2021-12-27 18:06:34,913 3.060791015625, -0.05
2021-12-27 18:06:34,922 2.841064453125, -0.05
2021-12-27 18:06:34,933 2.709228515625, -0.05
2021-12-27 18:06:34,943 2.533447265625, -0.05
2021-12-27 18:06:34,953 2.313720703125, -0.05
2021-12-27 18:06:34,963 2.093994140625, -0.05
2021-12-27 18:06:34,973 1.786376953125, -0.05
2021-12-27 18:06:34,983 1.522705078125, -0.05
2021-12-27 18:06:34,993 1.127197265625, -0.05
2021-12-27 18:06:35,003 0.731689453125, -0.05
2021-12-27 18:06:35,014 0.380126953125, -0.05
2021-12-27 18:06:35,024 -0.015380859375, -0.05
2021-12-27 18:06:35,034 -0.322998046875, -0.05
2021-12-27 18:06:35,044 -0.674560546875, -0.05
2021-12-27 18:06:35,056 -0.938232421875, -0.05
2021-12-27 18:06:35,066 -1.245849609375, -0.05
2021-12-27 18:06:35,076 -1.553466796875, -0.05
2021-12-27 18:06:35,086 -1.817138671875, -0.05
2021-12-27 18:06:35,096 -2.036865234375, -0.05
2021-12-27 18:06:35,106 -2.212646484375, -0.05
2021-12-27 18:06:35,116 -2.432373046875, -0.05
2021-12-27 18:06:35,127 -2.608154296875, -0.05
2021-12-27 18:06:35,137 -2.739990234375, -0.05
2021-12-27 18:06:35,147 -2.783935546875, -0.05
2021-12-27 18:06:35,157 -2.827880859375, -0.05
2021-12-27 18:06:35,167 -2.959716796875, -0.05
2021-12-27 18:06:35,177 -2.959716796875, -0.05
2021-12-27 18:06:35,188 -2.871826171875, -0.05
2021-12-27 18:06:35,198 -2.827880859375, -0.05
2021-12-27 18:06:35,208 -2.783935546875, -0.05
2021-12-27 18:06:35,218 -2.564208984375, -0.05
2021-12-27 18:06:35,228 -2.344482421875, -0.05
2021-12-27 18:06:35,238 -2.168701171875, -0.05
2021-12-27 18:06:35,248 -1.992919921875, -0.05
2021-12-27 18:06:35,258 -1.773193359375, -0.05
2021-12-27 18:06:35,269 -1.509521484375, -0.05
2021-12-27 18:06:35,279 -1.289794921875, -0.05
2021-12-27 18:06:35,289 -1.070068359375, -0.05
2021-12-27 18:06:35,299 -0.806396484375, -0.05
2021-12-27 18:06:35,309 -0.586669921875, -0.05
2021-12-27 18:06:35,319 -0.279052734375, -0.05
2021-12-27 18:06:35,329 -0.059326171875, -0.05
2021-12-27 18:06:35,339 -0.059326171875, 0.05
2021-12-27 18:06:35,350 0.204345703125, 0.05
2021-12-27 18:06:35,360 0.643798828125, 0.05
2021-12-27 18:06:35,370 2.665283203125, 0.05
2021-12-27 18:06:35,381 10.531494140625, 0.05
2021-12-27 18:06:35,391 15.673095703125, 0.05
2021-12-27 18:06:35,401 19.891845703125, 0.05
2021-12-27 18:06:35,412 23.407470703125, 0.05
2021-12-27 18:06:35,421 25.560791015625, 0.05
2021-12-27 18:06:35,432 27.054931640625, 0.05
2021-12-27 18:06:35,442 27.494384765625, 0.05
2021-12-27 18:06:35,452 27.889892578125, 0.05
2021-12-27 18:06:35,462 27.538330078125, 0.05
2021-12-27 18:06:35,472 26.219970703125, 0.05
2021-12-27 18:06:35,484 24.198486328125, 0.05
2021-12-27 18:06:35,493 21.693603515625, 0.05
2021-12-27 18:06:35,504 19.232666015625, 0.05
2021-12-27 18:06:35,514 16.332275390625, 0.05
2021-12-27 18:06:35,524 13.036376953125, 0.05
2021-12-27 18:06:35,534 9.564697265625, 0.05
2021-12-27 18:06:35,544 6.093017578125, 0.05
2021-12-27 18:06:35,555 2.665283203125, 0.05
2021-12-27 18:06:35,565 -0.674560546875, 0.05
2021-12-27 18:06:35,575 -3.882568359375, 0.05
2021-12-27 18:06:35,586 -6.870849609375, 0.05
2021-12-27 18:06:35,596 -9.551513671875, 0.05
2021-12-27 18:06:35,606 -11.792724609375, 0.05
2021-12-27 18:06:35,616 -13.770263671875, 0.05
2021-12-27 18:06:35,626 -15.659912109375, 0.05
2021-12-27 18:06:35,637 -17.417724609375, 0.05
2021-12-27 18:06:35,647 -18.955810546875, 0.05
2021-12-27 18:06:35,657 -21.504638671875, 0.05
2021-12-27 18:06:35,667 -22.427490234375, 0.05
2021-12-27 18:06:35,677 -23.086669921875, 0.05
2021-12-27 18:06:35,687 -23.438232421875, 0.05
2021-12-27 18:06:35,697 -23.657958984375, 0.05
2021-12-27 18:06:35,707 -23.657958984375, 0.05
2021-12-27 18:06:35,717 -23.350341796875, 0.05
2021-12-27 18:06:35,728 -22.866943359375, 0.05
2021-12-27 18:06:35,738 -21.812255859375, 0.05
2021-12-27 18:06:35,748 -20.669677734375, 0.05
2021-12-27 18:06:35,758 -19.746826171875, 0.05
2021-12-27 18:06:35,768 -17.945068359375, 0.05
2021-12-27 18:06:35,778 -16.275146484375, 0.05
2021-12-27 18:06:35,788 -14.121826171875, 0.05
2021-12-27 18:06:35,799 -12.100341796875, 0.05
2021-12-27 18:06:35,809 -9.771240234375, 0.05
2021-12-27 18:06:35,819 -7.310302734375, 0.05
2021-12-27 18:06:35,829 -4.717529296875, 0.05
2021-12-27 18:06:35,839 -2.124755859375, 0.05
2021-12-27 18:06:35,851 0.511962890625, 0.05
2021-12-27 18:06:35,861 3.368408203125, 0.05
2021-12-27 18:06:35,871 5.873291015625, 0.05
2021-12-27 18:06:35,881 8.246337890625, 0.05
2021-12-27 18:06:35,891 10.619384765625, 0.05
2021-12-27 18:06:35,901 12.860595703125, 0.05
2021-12-27 18:06:35,911 14.706298828125, 0.05
2021-12-27 18:06:35,921 16.244384765625, 0.05
2021-12-27 18:06:35,932 17.518798828125, 0.05
2021-12-27 18:06:35,942 18.485595703125, 0.05
2021-12-27 18:06:35,952 19.320556640625, 0.05
2021-12-27 18:06:35,962 19.803955078125, 0.05
2021-12-27 18:06:35,972 20.111572265625, 0.05
2021-12-27 18:06:35,982 20.067626953125, 0.05
2021-12-27 18:06:35,992 19.716064453125, 0.05
2021-12-27 18:06:36,002 19.144775390625, 0.05
2021-12-27 18:06:36,013 18.353759765625, 0.05
2021-12-27 18:06:36,023 17.343017578125, 0.05
2021-12-27 18:06:36,033 16.156494140625, 0.05
2021-12-27 18:06:36,043 15.013916015625, 0.05
2021-12-27 18:06:36,053 13.651611328125, 0.05
2021-12-27 18:06:36,063 12.025634765625, 0.05
2021-12-27 18:06:36,073 10.399658203125, 0.05
2021-12-27 18:06:36,084 8.729736328125, 0.05
2021-12-27 18:06:36,098 7.059814453125, 0.05
2021-12-27 18:06:36,107 5.258056640625, 0.05
2021-12-27 18:06:36,117 3.544189453125, 0.05
2021-12-27 18:06:36,127 1.698486328125, 0.05
2021-12-27 18:06:36,137 -0.103271484375, 0.05
2021-12-27 18:06:36,147 -1.773193359375, 0.05
2021-12-27 18:06:36,157 -3.750732421875, 0.05
2021-12-27 18:06:36,168 -5.244873046875, 0.05
2021-12-27 18:06:36,178 -6.870849609375, 0.05
2021-12-27 18:06:36,188 -8.408935546875, 0.05
2021-12-27 18:06:36,199 -9.815185546875, 0.05
2021-12-27 18:06:36,208 -11.221435546875, 0.05
2021-12-27 18:06:36,219 -12.891357421875, 0.05
2021-12-27 18:06:36,229 -13.418701171875, 0.05
2021-12-27 18:06:36,239 -14.253662109375, 0.05
2021-12-27 18:06:36,249 -14.956787109375, 0.05
2021-12-27 18:06:36,259 -15.264404296875, 0.05
2021-12-27 18:06:36,269 -15.484130859375, 0.05
2021-12-27 18:06:36,279 -15.352294921875, 0.05
2021-12-27 18:06:36,289 -15.220458984375, 0.05
2021-12-27 18:06:36,300 -14.781005859375, 0.05
2021-12-27 18:06:36,310 -14.165771484375, 0.05
2021-12-27 18:06:36,320 -13.946044921875, 0.05
2021-12-27 18:06:36,330 -12.539794921875, 0.05
2021-12-27 18:06:36,340 -11.397216796875, 0.05
2021-12-27 18:06:36,350 -10.166748046875, 0.05
2021-12-27 18:06:36,360 -8.980224609375, 0.05
2021-12-27 18:06:36,370 -7.486083984375, 0.05
2021-12-27 18:06:36,380 -5.947998046875, 0.05
2021-12-27 18:06:36,390 -4.146240234375, 0.05
2021-12-27 18:06:36,401 -2.036865234375, 0.05
2021-12-27 18:06:36,411 -0.366943359375, 0.05
2021-12-27 18:06:36,421 1.346923828125, 0.05
2021-12-27 18:06:36,431 2.885009765625, 0.05
2021-12-27 18:06:36,442 4.598876953125, 0.05
2021-12-27 18:06:36,453 6.136962890625, 0.05
2021-12-27 18:06:36,463 7.587158203125, 0.05
2021-12-27 18:06:36,473 8.861572265625, 0.05
2021-12-27 18:06:36,483 10.092041015625, 0.05
2021-12-27 18:06:36,493 11.146728515625, 0.05
2021-12-27 18:06:36,503 12.069580078125, 0.05
2021-12-27 18:06:36,513 12.684814453125, 0.05
2021-12-27 18:06:36,523 13.256103515625, 0.05
2021-12-27 18:06:36,533 13.475830078125, 0.05
2021-12-27 18:06:36,544 13.475830078125, 0.05
2021-12-27 18:06:36,554 13.519775390625, 0.05
2021-12-27 18:06:36,564 13.300048828125, 0.05
2021-12-27 18:06:36,574 12.904541015625, 0.05
2021-12-27 18:06:36,584 12.289306640625, 0.05
2021-12-27 18:06:36,594 11.454345703125, 0.05
2021-12-27 18:06:36,604 10.751220703125, 0.05
2021-12-27 18:06:36,614 9.828369140625, 0.05
2021-12-27 18:06:36,624 8.641845703125, 0.05
2021-12-27 18:06:36,635 7.411376953125, 0.05
2021-12-27 18:06:36,645 6.049072265625, 0.05
2021-12-27 18:06:36,655 4.730712890625, 0.05
2021-12-27 18:06:36,665 3.236572265625, 0.05
2021-12-27 18:06:36,675 1.830322265625, 0.05
2021-12-27 18:06:36,685 0.380126953125, 0.05
2021-12-27 18:06:36,696 -0.938232421875, 0.05
2021-12-27 18:06:36,707 -2.344482421875, 0.05
2021-12-27 18:06:36,716 -3.574951171875, 0.05
2021-12-27 18:06:36,726 -4.937255859375, 0.05
2021-12-27 18:06:36,737 -5.947998046875, 0.05
2021-12-27 18:06:36,747 -7.354248046875, 0.05
2021-12-27 18:06:36,757 -8.364990234375, 0.05
2021-12-27 18:06:36,767 -9.068115234375, 0.05
2021-12-27 18:06:36,777 -9.595458984375, 0.05
2021-12-27 18:06:36,787 -10.254638671875, 0.05
2021-12-27 18:06:36,798 -10.606201171875, 0.05
2021-12-27 18:06:36,808 -10.869873046875, 0.05
2021-12-27 18:06:36,818 -11.001708984375, 0.05
2021-12-27 18:06:36,828 -10.957763671875, 0.05
2021-12-27 18:06:36,838 -10.781982421875, 0.05
2021-12-27 18:06:36,848 -10.430419921875, 0.05
2021-12-27 18:06:36,858 -10.078857421875, 0.05
2021-12-27 18:06:36,868 -9.463623046875, 0.05
2021-12-27 18:06:36,879 -8.760498046875, 0.05
2021-12-27 18:06:36,889 -8.013427734375, 0.05
2021-12-27 18:06:36,899 -7.134521484375, 0.05
2021-12-27 18:06:36,909 -6.167724609375, 0.05
2021-12-27 18:06:36,920 -5.025146484375, 0.05
2021-12-27 18:06:36,930 -4.014404296875, 0.05
2021-12-27 18:06:36,940 -2.915771484375, 0.05
2021-12-27 18:06:36,950 -1.685302734375, 0.05
2021-12-27 18:06:36,960 -0.410888671875, 0.05
2021-12-27 18:06:36,971 0.687744140625, 0.05
2021-12-27 18:06:36,980 1.786376953125, 0.05
2021-12-27 18:06:36,991 2.885009765625, 0.05
2021-12-27 18:06:37,001 3.983642578125, 0.05
2021-12-27 18:06:37,011 5.082275390625, 0.05
2021-12-27 18:06:37,021 5.961181640625, 0.05
2021-12-27 18:06:37,031 6.840087890625, 0.05
2021-12-27 18:06:37,041 7.587158203125, 0.05
2021-12-27 18:06:37,051 8.114501953125, 0.05
2021-12-27 18:06:37,063 8.553955078125, 0.05
2021-12-27 18:06:37,072 8.861572265625, 0.05
2021-12-27 18:06:37,082 9.125244140625, 0.05
2021-12-27 18:06:37,093 9.169189453125, 0.05
2021-12-27 18:06:37,103 9.169189453125, 0.05
2021-12-27 18:06:37,113 8.993408203125, 0.05
2021-12-27 18:06:37,124 8.685791015625, 0.05
2021-12-27 18:06:37,133 8.334228515625, 0.05
2021-12-27 18:06:37,144 7.806884765625, 0.05
2021-12-27 18:06:37,155 7.147705078125, 0.05
2021-12-27 18:06:37,164 6.444580078125, 0.05
2021-12-27 18:06:37,175 5.653564453125, 0.05
2021-12-27 18:06:37,185 4.730712890625, 0.05
2021-12-27 18:06:37,197 3.895751953125, 0.05
2021-12-27 18:06:37,207 2.972900390625, 0.05
2021-12-27 18:06:37,217 2.006103515625, 0.05
2021-12-27 18:06:37,227 1.039306640625, 0.05
2021-12-27 18:06:37,237 0.116455078125, 0.05
2021-12-27 18:06:37,247 -0.894287109375, 0.05
2021-12-27 18:06:37,257 -1.729248046875, 0.05
2021-12-27 18:06:37,268 -2.652099609375, 0.05
2021-12-27 18:06:37,278 -3.487060546875, 0.05
2021-12-27 18:06:37,288 -4.190185546875, 0.05
2021-12-27 18:06:37,298 -4.893310546875, 0.05
2021-12-27 18:06:37,308 -5.464599609375, 0.05
2021-12-27 18:06:37,318 -5.947998046875, 0.05
2021-12-27 18:06:37,328 -6.519287109375, 0.05
2021-12-27 18:06:37,338 -6.826904296875, 0.05
2021-12-27 18:06:37,348 -7.046630859375, 0.05
2021-12-27 18:06:37,358 -7.178466796875, 0.05
2021-12-27 18:06:37,369 -7.266357421875, 0.05
2021-12-27 18:06:37,379 -7.222412109375, 0.05
2021-12-27 18:06:37,389 -7.046630859375, 0.05
2021-12-27 18:06:37,399 -6.782958984375, 0.05
2021-12-27 18:06:37,409 -6.475341796875, 0.05
2021-12-27 18:06:37,419 -6.035888671875, 0.05
2021-12-27 18:06:37,429 -5.596435546875, 0.05
2021-12-27 18:06:37,439 -5.069091796875, 0.05
2021-12-27 18:06:37,450 -4.453857421875, 0.05
2021-12-27 18:06:37,460 -3.750732421875, 0.05
2021-12-27 18:06:37,470 -3.003662109375, 0.05
2021-12-27 18:06:37,480 -2.432373046875, 0.05
2021-12-27 18:06:37,490 -1.553466796875, 0.05
2021-12-27 18:06:37,500 -0.630615234375, 0.05
2021-12-27 18:06:37,511 0.116455078125, 0.05
2021-12-27 18:06:37,521 0.863525390625, 0.05
2021-12-27 18:06:37,531 1.654541015625, 0.05
2021-12-27 18:06:37,541 2.401611328125, 0.05
2021-12-27 18:06:37,551 2.972900390625, 0.05
2021-12-27 18:06:37,562 3.544189453125, 0.05
2021-12-27 18:06:37,571 4.071533203125, 0.05
2021-12-27 18:06:37,581 4.467041015625, 0.05
2021-12-27 18:06:37,591 4.862548828125, 0.05
2021-12-27 18:06:37,602 5.302001953125, 0.05
2021-12-27 18:06:37,612 5.609619140625, 0.05
2021-12-27 18:06:37,622 5.741455078125, 0.05
2021-12-27 18:06:37,632 5.785400390625, 0.05
2021-12-27 18:06:37,642 5.785400390625, 0.05
2021-12-27 18:06:37,652 5.829345703125, 0.05
2021-12-27 18:06:37,662 5.609619140625, 0.05
2021-12-27 18:06:37,673 5.345947265625, 0.05
2021-12-27 18:06:37,683 5.126220703125, 0.05
2021-12-27 18:06:37,693 4.774658203125, 0.05
2021-12-27 18:06:37,703 4.335205078125, 0.05
2021-12-27 18:06:37,713 3.895751953125, 0.05
2021-12-27 18:06:37,723 3.412353515625, 0.05
2021-12-27 18:06:37,733 2.841064453125, 0.05
2021-12-27 18:06:37,743 2.225830078125, 0.05
2021-12-27 18:06:37,754 1.654541015625, 0.05
2021-12-27 18:06:37,764 1.039306640625, 0.05
2021-12-27 18:06:37,774 0.424072265625, 0.05
2021-12-27 18:06:37,784 -0.191162109375, 0.05
2021-12-27 18:06:37,794 -0.850341796875, 0.05
2021-12-27 18:06:37,804 -1.421630859375, 0.05
2021-12-27 18:06:37,814 -1.948974609375, 0.05
2021-12-27 18:06:37,824 -2.344482421875, 0.05
2021-12-27 18:06:37,834 -2.915771484375, 0.05
2021-12-27 18:06:37,846 -3.223388671875, 0.05
2021-12-27 18:06:37,855 -3.574951171875, 0.05
2021-12-27 18:06:37,865 -3.970458984375, 0.05
2021-12-27 18:06:37,875 -4.190185546875, 0.05
2021-12-27 18:06:37,885 -4.322021484375, 0.05
2021-12-27 18:06:37,895 -4.497802734375, 0.05
2021-12-27 18:06:37,906 -4.497802734375, 0.05
2021-12-27 18:06:37,916 -4.453857421875, 0.05
2021-12-27 18:06:37,926 -4.409912109375, 0.05
2021-12-27 18:06:37,936 -4.190185546875, 0.05
2021-12-27 18:06:37,947 -4.102294921875, 0.05
2021-12-27 18:06:37,958 -3.882568359375, 0.05
2021-12-27 18:06:37,968 -3.531005859375, 0.05
2021-12-27 18:06:37,978 -3.267333984375, 0.05
2021-12-27 18:06:37,988 -2.871826171875, 0.05
2021-12-27 18:06:37,999 -2.476318359375, 0.05
2021-12-27 18:06:38,009 -2.080810546875, 0.05
2021-12-27 18:06:38,019 -1.553466796875, 0.05
2021-12-27 18:06:38,029 -1.157958984375, 0.05
2021-12-27 18:06:38,039 -0.674560546875, 0.05
2021-12-27 18:06:38,050 -0.191162109375, 0.05
2021-12-27 18:06:38,060 0.292236328125, 0.05
2021-12-27 18:06:38,070 0.687744140625, 0.05
2021-12-27 18:06:38,080 1.127197265625, 0.05
2021-12-27 18:06:38,090 1.610595703125, 0.05
2021-12-27 18:06:38,100 1.962158203125, 0.05
2021-12-27 18:06:38,110 2.313720703125, 0.05
2021-12-27 18:06:38,120 2.621337890625, 0.05
2021-12-27 18:06:38,131 2.841064453125, 0.05
2021-12-27 18:06:38,141 3.104736328125, 0.05
2021-12-27 18:06:38,151 3.280517578125, 0.05
2021-12-27 18:06:38,161 3.412353515625, 0.05
2021-12-27 18:06:38,171 3.500244140625, 0.05
2021-12-27 18:06:38,181 3.456298828125, 0.05
2021-12-27 18:06:38,191 3.544189453125, 0.05
2021-12-27 18:06:38,201 3.368408203125, 0.05
2021-12-27 18:06:38,212 3.192626953125, 0.05
2021-12-27 18:06:38,222 3.060791015625, 0.05
2021-12-27 18:06:38,232 2.885009765625, 0.05
2021-12-27 18:06:38,242 2.621337890625, 0.05
2021-12-27 18:06:38,252 2.357666015625, 0.05
2021-12-27 18:06:38,262 2.006103515625, 0.05
2021-12-27 18:06:38,273 1.654541015625, 0.05
2021-12-27 18:06:38,283 1.390869140625, 0.05
2021-12-27 18:06:38,293 0.995361328125, 0.05
2021-12-27 18:06:38,303 0.731689453125, 0.05
2021-12-27 18:06:38,313 0.380126953125, 0.05
2021-12-27 18:06:38,323 -0.015380859375, 0.05
2021-12-27 18:06:38,333 -0.279052734375, 0.05
2021-12-27 18:06:38,343 -0.674560546875, 0.05
2021-12-27 18:06:38,354 -1.026123046875, 0.05
2021-12-27 18:06:38,364 -1.333740234375, 0.05
2021-12-27 18:06:38,374 -1.509521484375, 0.05
2021-12-27 18:06:38,384 -1.729248046875, 0.05
2021-12-27 18:06:38,394 -1.905029296875, 0.05
2021-12-27 18:06:38,404 -2.124755859375, 0.05
2021-12-27 18:06:38,414 -2.300537109375, 0.05
2021-12-27 18:06:38,424 -2.432373046875, 0.05
2021-12-27 18:06:38,435 -2.520263671875, 0.05
2021-12-27 18:06:38,445 -2.520263671875, 0.05
2021-12-27 18:06:38,455 -2.476318359375, 0.05
2021-12-27 18:06:38,465 -2.432373046875, 0.05
2021-12-27 18:06:38,475 -2.300537109375, 0.05
2021-12-27 18:06:38,485 -2.256591796875, 0.05
2021-12-27 18:06:38,495 -2.124755859375, 0.05
2021-12-27 18:06:38,505 -1.948974609375, 0.05
2021-12-27 18:06:38,516 -1.773193359375, 0.05
2021-12-27 18:06:38,526 -1.553466796875, 0.05
2021-12-27 18:06:38,536 -1.333740234375, 0.05
2021-12-27 18:06:38,546 -1.157958984375, 0.05
2021-12-27 18:06:38,556 -0.806396484375, 0.05
2021-12-27 18:06:38,566 -0.498779296875, 0.05
2021-12-27 18:06:38,576 -0.235107421875, 0.05
2021-12-27 18:06:38,586 -0.015380859375, 0.05
2021-12-27 18:06:38,596 0.116455078125, 0.05
2021-12-27 18:06:38,607 0.336181640625, 0.05
2021-12-27 18:06:38,617 0.599853515625, 0.05
2021-12-27 18:06:38,627 0.819580078125, 0.05
2021-12-27 18:06:38,637 1.039306640625, 0.05
2021-12-27 18:06:38,648 1.259033203125, 0.05
2021-12-27 18:06:38,659 1.390869140625, 0.05
2021-12-27 18:06:38,668 1.566650390625, 0.05
2021-12-27 18:06:38,678 1.654541015625, 0.05
2021-12-27 18:06:38,688 1.698486328125, 0.05
2021-12-27 18:06:38,699 1.830322265625, 0.05
2021-12-27 18:06:38,709 1.830322265625, 0.05
2021-12-27 18:06:38,719 1.786376953125, 0.05
2021-12-27 18:06:38,730 1.786376953125, 0.05
2021-12-27 18:06:38,739 1.786376953125, 0.05
2021-12-27 18:06:38,749 1.742431640625, 0.05
2021-12-27 18:06:38,759 1.698486328125, 0.05
2021-12-27 18:06:38,769 1.610595703125, 0.05
2021-12-27 18:06:38,780 1.390869140625, 0.05
2021-12-27 18:06:38,790 1.215087890625, 0.05
2021-12-27 18:06:38,800 1.083251953125, 0.05
2021-12-27 18:06:38,810 0.951416015625, 0.05
2021-12-27 18:06:38,820 0.819580078125, 0.05
2021-12-27 18:06:38,830 0.687744140625, 0.05
2021-12-27 18:06:38,840 0.555908203125, 0.05
2021-12-27 18:06:38,850 0.380126953125, 0.05
2021-12-27 18:06:38,861 0.160400390625, 0.05
2021-12-27 18:06:38,871 -0.015380859375, 0.05
2021-12-27 18:06:38,881 -0.191162109375, 0.05
2021-12-27 18:06:38,891 -0.322998046875, 0.05
2021-12-27 18:06:38,901 -0.542724609375, 0.05
2021-12-27 18:06:38,911 -0.718505859375, 0.05
2021-12-27 18:06:38,921 -0.806396484375, 0.05
2021-12-27 18:06:38,932 -0.938232421875, 0.05
2021-12-27 18:06:38,942 -0.938232421875, 0.05
2021-12-27 18:06:38,952 -1.114013671875, 0.05
2021-12-27 18:06:38,963 -1.201904296875, 0.05
2021-12-27 18:06:38,972 -1.245849609375, 0.05
2021-12-27 18:06:38,983 -1.289794921875, 0.05
2021-12-27 18:06:38,993 -1.245849609375, 0.05
2021-12-27 18:06:39,003 -1.201904296875, 0.05
2021-12-27 18:06:39,013 -1.157958984375, 0.05
2021-12-27 18:06:39,023 -1.114013671875, 0.05
2021-12-27 18:06:39,033 -1.026123046875, 0.05
2021-12-27 18:06:39,049 -1.026123046875, 0.05
2021-12-27 18:06:39,054 -0.938232421875, 0.05
2021-12-27 18:06:39,065 -0.806396484375, 0.05
2021-12-27 18:06:39,075 -0.630615234375, 0.05
2021-12-27 18:06:39,085 -0.542724609375, 0.05
2021-12-27 18:06:39,095 -0.454833984375, 0.05
2021-12-27 18:06:39,105 -0.322998046875, 0.05
2021-12-27 18:06:39,115 -0.235107421875, 0.05
2021-12-27 18:06:39,125 -0.147216796875, 0.05
2021-12-27 18:06:39,135 0.072509765625, 0.05
2021-12-27 18:06:39,146 0.116455078125, 0.05
2021-12-27 18:06:39,156 0.248291015625, 0.05
2021-12-27 18:06:39,166 0.292236328125, 0.05
2021-12-27 18:06:39,176 0.336181640625, 0.05
2021-12-27 18:06:39,186 0.424072265625, 0.05
2021-12-27 18:06:39,196 0.555908203125, 0.05
2021-12-27 18:06:39,207 0.599853515625, 0.05
2021-12-27 18:06:39,224 0.599853515625, 0.05
2021-12-27 18:06:39,231 0.555908203125, 0.05
2021-12-27 18:06:39,241 0.687744140625, 0.05
2021-12-27 18:06:39,252 0.687744140625, 0.05
2021-12-27 18:06:39,262 0.687744140625, 0.05
2021-12-27 18:06:39,272 0.687744140625, 0.05
2021-12-27 18:06:39,282 0.599853515625, 0.05
2021-12-27 18:06:39,292 0.599853515625, 0.05
2021-12-27 18:06:39,302 0.555908203125, 0.05
2021-12-27 18:06:39,313 0.511962890625, 0.05
2021-12-27 18:06:39,323 0.424072265625, 0.05
2021-12-27 18:06:39,333 0.336181640625, 0.05
2021-12-27 18:06:39,343 0.292236328125, 0.05
2021-12-27 18:06:39,353 0.248291015625, 0.05
2021-12-27 18:06:39,363 0.116455078125, 0.05
2021-12-27 18:06:39,373 -0.015380859375, 0.05
2021-12-27 18:06:39,383 -0.015380859375, 0.05
2021-12-27 18:06:39,394 -0.059326171875, 0.05
2021-12-27 18:06:39,404 -0.191162109375, 0.05
2021-12-27 18:06:39,414 -0.191162109375, 0.05
2021-12-27 18:06:39,424 -0.366943359375, 0.05
2021-12-27 18:06:39,434 -0.366943359375, 0.05
2021-12-27 18:06:39,444 -0.454833984375, 0.05
2021-12-27 18:06:39,454 -0.454833984375, 0.05
2021-12-27 18:06:39,464 -0.586669921875, 0.05
2021-12-27 18:06:39,475 -0.586669921875, 0.05
2021-12-27 18:06:39,485 -0.586669921875, 0.05
2021-12-27 18:06:39,495 -0.586669921875, 0.05
2021-12-27 18:06:39,505 -0.542724609375, 0.05
2021-12-27 18:06:39,515 -0.542724609375, 0.05
2021-12-27 18:06:39,525 -0.542724609375, 0.05
2021-12-27 18:06:39,535 -0.542724609375, 0.05
2021-12-27 18:06:39,545 -0.498779296875, 0.05
2021-12-27 18:06:39,556 -0.410888671875, 0.05
2021-12-27 18:06:39,566 -0.410888671875, 0.05
2021-12-27 18:06:39,576 -0.279052734375, 0.05
2021-12-27 18:06:39,586 -0.279052734375, -0.05
2021-12-27 18:06:39,596 -0.542724609375, -0.05
2021-12-27 18:06:39,606 -3.794677734375, -0.05
2021-12-27 18:06:39,616 -8.760498046875, -0.05
2021-12-27 18:06:39,627 -12.715576171875, -0.05
2021-12-27 18:06:39,636 -18.296630859375, -0.05
2021-12-27 18:06:39,647 -21.548583984375, -0.05
2021-12-27 18:06:39,657 -23.701904296875, -0.05
2021-12-27 18:06:39,667 -25.459716796875, -0.05
2021-12-27 18:06:39,677 -26.514404296875, -0.05
2021-12-27 18:06:39,687 -27.788818359375, -0.05
2021-12-27 18:06:39,698 -27.876708984375, -0.05
2021-12-27 18:06:39,708 -27.129638671875, -0.05
2021-12-27 18:06:39,718 -25.547607421875, -0.05
2021-12-27 18:06:39,728 -22.779052734375, -0.05
2021-12-27 18:06:39,739 -20.274169921875, -0.05
2021-12-27 18:06:39,748 -17.813232421875, -0.05
2021-12-27 18:06:39,758 -14.385498046875, -0.05
2021-12-27 18:06:39,768 -11.045654296875, -0.05
2021-12-27 18:06:39,778 -7.617919921875, -0.05
2021-12-27 18:06:39,789 -3.574951171875, -0.05
2021-12-27 18:06:39,799 0.292236328125, -0.05
2021-12-27 18:06:39,809 3.500244140625, -0.05
2021-12-27 18:06:39,819 6.664306640625, -0.05
2021-12-27 18:06:39,829 9.652587890625, -0.05
2021-12-27 18:06:39,840 12.816650390625, -0.05
2021-12-27 18:06:39,849 15.892822265625, -0.05
2021-12-27 18:06:39,860 18.573486328125, -0.05
2021-12-27 18:06:39,870 20.946533203125, -0.05
2021-12-27 18:06:39,880 22.924072265625, -0.05
2021-12-27 18:06:39,890 24.813720703125, -0.05
2021-12-27 18:06:39,900 27.406494140625, -0.05
2021-12-27 18:06:39,910 28.153564453125, -0.05
2021-12-27 18:06:39,922 28.373291015625, -0.05
2021-12-27 18:06:39,930 28.417236328125, -0.05
2021-12-27 18:06:39,941 28.065673828125, -0.05
2021-12-27 18:06:39,951 27.626220703125, -0.05
2021-12-27 18:06:39,961 27.010986328125, -0.05
2021-12-27 18:06:39,971 25.956298828125, -0.05
2021-12-27 18:06:39,981 24.550048828125, -0.05
2021-12-27 18:06:39,992 22.792236328125, -0.05
2021-12-27 18:06:40,002 20.682861328125, -0.05
